2017-12-18 12:33:19,738 : --------------------------------------------------------------------------------------
2017-12-18 12:33:19,739 : Namespace(batch_size=256, epochs=30, log_interval=300, lr=0.01, momentum=0.9, num_classes=10, seed=1, weight_decay=0.005)
2017-12-18 12:35:19,624 : Train [1|76800] lr: 0.010000 Loss: 1.9400 Acc: 0.5352 BatchTime: 13.298995
2017-12-18 12:35:22,040 : Train [1|153600] lr: 0.010000 Loss: 1.8351 Acc: 0.6719 BatchTime: 15.715384
2017-12-18 12:35:24,472 : Train [1|230400] lr: 0.010000 Loss: 1.7481 Acc: 0.7305 BatchTime: 18.147045
2017-12-18 12:35:26,927 : Train [1|307200] lr: 0.010000 Loss: 1.7049 Acc: 0.7852 BatchTime: 20.602259
2017-12-18 12:35:29,399 : Train [1|384000] lr: 0.010000 Loss: 1.6980 Acc: 0.7969 BatchTime: 23.074446
2017-12-18 12:35:31,890 : Train [1|460800] lr: 0.010000 Loss: 1.7091 Acc: 0.7812 BatchTime: 25.565036
2017-12-18 12:35:34,248 : Train [1|537600] lr: 0.010000 Loss: 1.7049 Acc: 0.7773 BatchTime: 27.922522
2017-12-18 12:35:36,784 : Train [1|614400] lr: 0.010000 Loss: 1.6323 Acc: 0.8594 BatchTime: 30.458573
2017-12-18 12:35:39,579 : Train [1|691200] lr: 0.010000 Loss: 1.6765 Acc: 0.8203 BatchTime: 33.254137
2017-12-18 12:35:42,313 : Train [1|768000] lr: 0.010000 Loss: 1.6920 Acc: 0.7812 BatchTime: 35.988062
2017-12-18 12:35:45,092 : Train [1|844800] lr: 0.010000 Loss: 1.6382 Acc: 0.8672 BatchTime: 38.767201
2017-12-18 12:35:47,780 : Train [1|921600] lr: 0.010000 Loss: 1.6147 Acc: 0.8711 BatchTime: 41.455328
2017-12-18 12:35:50,484 : Train [1|998400] lr: 0.010000 Loss: 1.6215 Acc: 0.8750 BatchTime: 44.158699
2017-12-18 12:35:53,195 : Train [1|1075200] lr: 0.010000 Loss: 1.6350 Acc: 0.8633 BatchTime: 46.869482
2017-12-18 12:35:55,972 : Train [1|1152000] lr: 0.010000 Loss: 1.6659 Acc: 0.8203 BatchTime: 49.647251
2017-12-18 12:35:58,611 : Train [1|1228800] lr: 0.010000 Loss: 1.6239 Acc: 0.8594 BatchTime: 52.286448
2017-12-18 12:36:01,228 : Train [1|1305600] lr: 0.010000 Loss: 1.6352 Acc: 0.8555 BatchTime: 54.903232
2017-12-18 12:36:03,822 : Train [1|1382400] lr: 0.010000 Loss: 1.6246 Acc: 0.8477 BatchTime: 57.496619
2017-12-18 12:36:06,739 : Train [1|1459200] lr: 0.010000 Loss: 1.5993 Acc: 0.8945 BatchTime: 60.414036
2017-12-18 12:36:09,782 : Train [1|1536000] lr: 0.010000 Loss: 1.5992 Acc: 0.8789 BatchTime: 63.457190
2017-12-18 12:36:12,631 : Train [1|1612800] lr: 0.010000 Loss: 1.6253 Acc: 0.8633 BatchTime: 66.306460
2017-12-18 12:36:15,298 : Train [1|1689600] lr: 0.010000 Loss: 1.6160 Acc: 0.8672 BatchTime: 68.972984
2017-12-18 12:36:18,026 : Train [1|1766400] lr: 0.010000 Loss: 1.6188 Acc: 0.8633 BatchTime: 71.700934
2017-12-18 12:36:20,530 : Train [1|1843200] lr: 0.010000 Loss: 1.6329 Acc: 0.8516 BatchTime: 74.205217
2017-12-18 12:36:23,019 : Train [1|1920000] lr: 0.010000 Loss: 1.6176 Acc: 0.8594 BatchTime: 76.694173
2017-12-18 12:36:26,294 : Train [1|1996800] lr: 0.010000 Loss: 1.5890 Acc: 0.9062 BatchTime: 79.968683
2017-12-18 12:36:30,386 : AvrEval: 0.586042  SegAvr: 0.604540 ProbAvr: 0.609319 eval_loss: 1.900571 time: 2.023300
2017-12-18 12:36:30,386 : --------------------------------------------------------------------------------------
2017-12-18 12:36:42,662 : Train [2|76800] lr: 0.010000 Loss: 1.6258 Acc: 0.8516 BatchTime: 12.275416
2017-12-18 12:36:45,295 : Train [2|153600] lr: 0.010000 Loss: 1.6137 Acc: 0.8672 BatchTime: 14.908897
2017-12-18 12:36:47,909 : Train [2|230400] lr: 0.010000 Loss: 1.6059 Acc: 0.8789 BatchTime: 17.522654
2017-12-18 12:36:50,413 : Train [2|307200] lr: 0.010000 Loss: 1.6273 Acc: 0.8516 BatchTime: 20.026099
2017-12-18 12:36:52,921 : Train [2|384000] lr: 0.010000 Loss: 1.6118 Acc: 0.8750 BatchTime: 22.534942
2017-12-18 12:36:55,623 : Train [2|460800] lr: 0.010000 Loss: 1.6027 Acc: 0.8633 BatchTime: 25.236030
2017-12-18 12:36:58,360 : Train [2|537600] lr: 0.010000 Loss: 1.5922 Acc: 0.8828 BatchTime: 27.973531
2017-12-18 12:37:01,085 : Train [2|614400] lr: 0.010000 Loss: 1.5842 Acc: 0.9141 BatchTime: 30.698208
2017-12-18 12:37:03,646 : Train [2|691200] lr: 0.010000 Loss: 1.6250 Acc: 0.8438 BatchTime: 33.259729
2017-12-18 12:37:06,322 : Train [2|768000] lr: 0.010000 Loss: 1.5892 Acc: 0.8984 BatchTime: 35.935285
2017-12-18 12:37:09,158 : Train [2|844800] lr: 0.010000 Loss: 1.6124 Acc: 0.8750 BatchTime: 38.771585
2017-12-18 12:37:11,837 : Train [2|921600] lr: 0.010000 Loss: 1.6342 Acc: 0.8633 BatchTime: 41.450625
2017-12-18 12:37:14,484 : Train [2|998400] lr: 0.010000 Loss: 1.6291 Acc: 0.8672 BatchTime: 44.097215
2017-12-18 12:37:17,400 : Train [2|1075200] lr: 0.010000 Loss: 1.5993 Acc: 0.8750 BatchTime: 47.013393
2017-12-18 12:37:20,062 : Train [2|1152000] lr: 0.010000 Loss: 1.6212 Acc: 0.8594 BatchTime: 49.675122
2017-12-18 12:37:22,596 : Train [2|1228800] lr: 0.010000 Loss: 1.6300 Acc: 0.8398 BatchTime: 52.209773
2017-12-18 12:37:25,083 : Train [2|1305600] lr: 0.010000 Loss: 1.5990 Acc: 0.8750 BatchTime: 54.696263
2017-12-18 12:37:27,588 : Train [2|1382400] lr: 0.010000 Loss: 1.5851 Acc: 0.8945 BatchTime: 57.201932
2017-12-18 12:37:30,143 : Train [2|1459200] lr: 0.010000 Loss: 1.5859 Acc: 0.8984 BatchTime: 59.756015
2017-12-18 12:37:32,636 : Train [2|1536000] lr: 0.010000 Loss: 1.6137 Acc: 0.8633 BatchTime: 62.249523
2017-12-18 12:37:36,446 : Train [2|1612800] lr: 0.010000 Loss: 1.6026 Acc: 0.8828 BatchTime: 66.059845
2017-12-18 12:37:39,339 : Train [2|1689600] lr: 0.010000 Loss: 1.5962 Acc: 0.8945 BatchTime: 68.952600
2017-12-18 12:37:42,195 : Train [2|1766400] lr: 0.010000 Loss: 1.6223 Acc: 0.8477 BatchTime: 71.808561
2017-12-18 12:37:44,748 : Train [2|1843200] lr: 0.010000 Loss: 1.5837 Acc: 0.9023 BatchTime: 74.361169
2017-12-18 12:37:47,393 : Train [2|1920000] lr: 0.010000 Loss: 1.5775 Acc: 0.8945 BatchTime: 77.006748
2017-12-18 12:37:49,961 : Train [2|1996800] lr: 0.010000 Loss: 1.6007 Acc: 0.8906 BatchTime: 79.574501
2017-12-18 12:37:54,260 : AvrEval: 0.611923  SegAvr: 0.635603 ProbAvr: 0.634409 eval_loss: 1.876044 time: 2.421234
2017-12-18 12:37:54,261 : --------------------------------------------------------------------------------------
2017-12-18 12:38:05,851 : Train [3|76800] lr: 0.010000 Loss: 1.6011 Acc: 0.8867 BatchTime: 11.590460
2017-12-18 12:38:08,743 : Train [3|153600] lr: 0.010000 Loss: 1.6207 Acc: 0.8594 BatchTime: 14.482163
2017-12-18 12:38:11,597 : Train [3|230400] lr: 0.010000 Loss: 1.5720 Acc: 0.9141 BatchTime: 17.335609
2017-12-18 12:38:14,346 : Train [3|307200] lr: 0.010000 Loss: 1.6069 Acc: 0.8672 BatchTime: 20.084797
2017-12-18 12:38:17,481 : Train [3|384000] lr: 0.010000 Loss: 1.6082 Acc: 0.8711 BatchTime: 23.220126
2017-12-18 12:38:20,083 : Train [3|460800] lr: 0.010000 Loss: 1.6066 Acc: 0.8867 BatchTime: 25.822075
2017-12-18 12:38:22,653 : Train [3|537600] lr: 0.010000 Loss: 1.6060 Acc: 0.8906 BatchTime: 28.392567
2017-12-18 12:38:25,251 : Train [3|614400] lr: 0.010000 Loss: 1.6164 Acc: 0.8594 BatchTime: 30.989610
2017-12-18 12:38:27,939 : Train [3|691200] lr: 0.010000 Loss: 1.6008 Acc: 0.8711 BatchTime: 33.677724
2017-12-18 12:38:30,589 : Train [3|768000] lr: 0.010000 Loss: 1.6278 Acc: 0.8516 BatchTime: 36.327602
2017-12-18 12:38:33,735 : Train [3|844800] lr: 0.010000 Loss: 1.5644 Acc: 0.9219 BatchTime: 39.473973
2017-12-18 12:38:37,142 : Train [3|921600] lr: 0.010000 Loss: 1.5998 Acc: 0.8867 BatchTime: 42.881183
2017-12-18 12:38:39,827 : Train [3|998400] lr: 0.010000 Loss: 1.5906 Acc: 0.8789 BatchTime: 45.565755
2017-12-18 12:38:42,607 : Train [3|1075200] lr: 0.010000 Loss: 1.6198 Acc: 0.8555 BatchTime: 48.345487
2017-12-18 12:38:45,429 : Train [3|1152000] lr: 0.010000 Loss: 1.6005 Acc: 0.8828 BatchTime: 51.168357
2017-12-18 12:38:48,398 : Train [3|1228800] lr: 0.010000 Loss: 1.6048 Acc: 0.8789 BatchTime: 54.136607
2017-12-18 12:38:51,180 : Train [3|1305600] lr: 0.010000 Loss: 1.5949 Acc: 0.8867 BatchTime: 56.918784
2017-12-18 12:38:53,828 : Train [3|1382400] lr: 0.010000 Loss: 1.5855 Acc: 0.8867 BatchTime: 59.567089
2017-12-18 12:38:58,069 : Train [3|1459200] lr: 0.010000 Loss: 1.5877 Acc: 0.8945 BatchTime: 63.807748
2017-12-18 12:39:00,635 : Train [3|1536000] lr: 0.010000 Loss: 1.5990 Acc: 0.8633 BatchTime: 66.373925
2017-12-18 12:39:03,235 : Train [3|1612800] lr: 0.010000 Loss: 1.5580 Acc: 0.9297 BatchTime: 68.973722
2017-12-18 12:39:05,866 : Train [3|1689600] lr: 0.010000 Loss: 1.5933 Acc: 0.8867 BatchTime: 71.605427
2017-12-18 12:39:08,828 : Train [3|1766400] lr: 0.010000 Loss: 1.5936 Acc: 0.9023 BatchTime: 74.567501
2017-12-18 12:39:11,750 : Train [3|1843200] lr: 0.010000 Loss: 1.5790 Acc: 0.9141 BatchTime: 77.488788
2017-12-18 12:39:14,371 : Train [3|1920000] lr: 0.010000 Loss: 1.5707 Acc: 0.9180 BatchTime: 80.109706
2017-12-18 12:39:18,126 : Train [3|1996800] lr: 0.010000 Loss: 1.5614 Acc: 0.9258 BatchTime: 83.865502
2017-12-18 12:39:23,276 : AvrEval: 0.602714  SegAvr: 0.630824 ProbAvr: 0.632019 eval_loss: 1.877975 time: 3.060781
2017-12-18 12:39:23,276 : --------------------------------------------------------------------------------------
2017-12-18 12:39:34,897 : Train [4|76800] lr: 0.010000 Loss: 1.5966 Acc: 0.8906 BatchTime: 11.621078
2017-12-18 12:39:37,915 : Train [4|153600] lr: 0.010000 Loss: 1.5734 Acc: 0.9102 BatchTime: 14.638634
2017-12-18 12:39:40,761 : Train [4|230400] lr: 0.010000 Loss: 1.5623 Acc: 0.9180 BatchTime: 17.484894
2017-12-18 12:39:43,458 : Train [4|307200] lr: 0.010000 Loss: 1.5707 Acc: 0.9062 BatchTime: 20.181909
2017-12-18 12:39:46,162 : Train [4|384000] lr: 0.010000 Loss: 1.5654 Acc: 0.9297 BatchTime: 22.886131
2017-12-18 12:39:48,752 : Train [4|460800] lr: 0.010000 Loss: 1.5776 Acc: 0.9102 BatchTime: 25.475757
2017-12-18 12:39:51,392 : Train [4|537600] lr: 0.010000 Loss: 1.6129 Acc: 0.8633 BatchTime: 28.115998
2017-12-18 12:39:54,237 : Train [4|614400] lr: 0.010000 Loss: 1.5755 Acc: 0.9180 BatchTime: 30.961036
2017-12-18 12:39:57,048 : Train [4|691200] lr: 0.010000 Loss: 1.5968 Acc: 0.8789 BatchTime: 33.771397
2017-12-18 12:39:59,917 : Train [4|768000] lr: 0.010000 Loss: 1.6118 Acc: 0.8867 BatchTime: 36.640825
2017-12-18 12:40:02,530 : Train [4|844800] lr: 0.010000 Loss: 1.5694 Acc: 0.9102 BatchTime: 39.253922
2017-12-18 12:40:05,345 : Train [4|921600] lr: 0.010000 Loss: 1.5540 Acc: 0.9336 BatchTime: 42.068820
2017-12-18 12:40:08,268 : Train [4|998400] lr: 0.010000 Loss: 1.5834 Acc: 0.9062 BatchTime: 44.992010
2017-12-18 12:40:11,271 : Train [4|1075200] lr: 0.010000 Loss: 1.5602 Acc: 0.9180 BatchTime: 47.994390
2017-12-18 12:40:14,618 : Train [4|1152000] lr: 0.010000 Loss: 1.5867 Acc: 0.8945 BatchTime: 51.341282
2017-12-18 12:40:18,062 : Train [4|1228800] lr: 0.010000 Loss: 1.5890 Acc: 0.8906 BatchTime: 54.785888
2017-12-18 12:40:21,051 : Train [4|1305600] lr: 0.010000 Loss: 1.5542 Acc: 0.9453 BatchTime: 57.774226
2017-12-18 12:40:24,648 : Train [4|1382400] lr: 0.010000 Loss: 1.5900 Acc: 0.8906 BatchTime: 61.371237
2017-12-18 12:40:27,804 : Train [4|1459200] lr: 0.010000 Loss: 1.5718 Acc: 0.9141 BatchTime: 64.528053
2017-12-18 12:40:30,854 : Train [4|1536000] lr: 0.010000 Loss: 1.5561 Acc: 0.9219 BatchTime: 67.577864
2017-12-18 12:40:33,659 : Train [4|1612800] lr: 0.010000 Loss: 1.5613 Acc: 0.9336 BatchTime: 70.382464
2017-12-18 12:40:36,513 : Train [4|1689600] lr: 0.010000 Loss: 1.5721 Acc: 0.9102 BatchTime: 73.236952
2017-12-18 12:40:40,459 : Train [4|1766400] lr: 0.010000 Loss: 1.5519 Acc: 0.9414 BatchTime: 77.183110
2017-12-18 12:40:43,246 : Train [4|1843200] lr: 0.010000 Loss: 1.5747 Acc: 0.9180 BatchTime: 79.969456
2017-12-18 12:40:45,981 : Train [4|1920000] lr: 0.010000 Loss: 1.5740 Acc: 0.8984 BatchTime: 82.704808
2017-12-18 12:40:48,817 : Train [4|1996800] lr: 0.010000 Loss: 1.5911 Acc: 0.8945 BatchTime: 85.540362
2017-12-18 12:40:54,370 : AvrEval: 0.618398  SegAvr: 0.647551 ProbAvr: 0.657109 eval_loss: 1.870493 time: 3.695630
2017-12-18 12:40:54,371 : --------------------------------------------------------------------------------------
2017-12-18 12:41:06,976 : Train [5|76800] lr: 0.010000 Loss: 1.5912 Acc: 0.9023 BatchTime: 12.604853
2017-12-18 12:41:09,924 : Train [5|153600] lr: 0.010000 Loss: 1.6087 Acc: 0.8711 BatchTime: 15.552609
2017-12-18 12:41:12,728 : Train [5|230400] lr: 0.010000 Loss: 1.5731 Acc: 0.9102 BatchTime: 18.356788
2017-12-18 12:41:15,718 : Train [5|307200] lr: 0.010000 Loss: 1.5837 Acc: 0.9180 BatchTime: 21.346643
2017-12-18 12:41:18,756 : Train [5|384000] lr: 0.010000 Loss: 1.5622 Acc: 0.9219 BatchTime: 24.384956
2017-12-18 12:41:21,672 : Train [5|460800] lr: 0.010000 Loss: 1.5761 Acc: 0.9102 BatchTime: 27.301321
2017-12-18 12:41:24,875 : Train [5|537600] lr: 0.010000 Loss: 1.5422 Acc: 0.9492 BatchTime: 30.503538
2017-12-18 12:41:28,034 : Train [5|614400] lr: 0.010000 Loss: 1.5842 Acc: 0.9023 BatchTime: 33.662678
2017-12-18 12:41:32,263 : Train [5|691200] lr: 0.010000 Loss: 1.5824 Acc: 0.8906 BatchTime: 37.891886
2017-12-18 12:41:35,109 : Train [5|768000] lr: 0.010000 Loss: 1.5701 Acc: 0.9297 BatchTime: 40.737687
2017-12-18 12:41:38,026 : Train [5|844800] lr: 0.010000 Loss: 1.5614 Acc: 0.9258 BatchTime: 43.655084
2017-12-18 12:41:41,107 : Train [5|921600] lr: 0.010000 Loss: 1.5615 Acc: 0.9336 BatchTime: 46.735646
2017-12-18 12:41:44,178 : Train [5|998400] lr: 0.010000 Loss: 1.5967 Acc: 0.8906 BatchTime: 49.806425
2017-12-18 12:41:47,273 : Train [5|1075200] lr: 0.010000 Loss: 1.5898 Acc: 0.8945 BatchTime: 52.901749
2017-12-18 12:41:50,352 : Train [5|1152000] lr: 0.010000 Loss: 1.5779 Acc: 0.8984 BatchTime: 55.980400
2017-12-18 12:41:54,715 : Train [5|1228800] lr: 0.010000 Loss: 1.5791 Acc: 0.9141 BatchTime: 60.343779
2017-12-18 12:41:57,619 : Train [5|1305600] lr: 0.010000 Loss: 1.5728 Acc: 0.9258 BatchTime: 63.248229
2017-12-18 12:42:00,119 : Train [5|1382400] lr: 0.010000 Loss: 1.5684 Acc: 0.9219 BatchTime: 65.748187
2017-12-18 12:42:02,705 : Train [5|1459200] lr: 0.010000 Loss: 1.5534 Acc: 0.9414 BatchTime: 68.333411
2017-12-18 12:42:05,395 : Train [5|1536000] lr: 0.010000 Loss: 1.5581 Acc: 0.9297 BatchTime: 71.023958
2017-12-18 12:42:07,998 : Train [5|1612800] lr: 0.010000 Loss: 1.5953 Acc: 0.8789 BatchTime: 73.626509
2017-12-18 12:42:10,701 : Train [5|1689600] lr: 0.010000 Loss: 1.5614 Acc: 0.9219 BatchTime: 76.329988
2017-12-18 12:42:13,532 : Train [5|1766400] lr: 0.010000 Loss: 1.5715 Acc: 0.9102 BatchTime: 79.160738
2017-12-18 12:42:16,755 : Train [5|1843200] lr: 0.010000 Loss: 1.5460 Acc: 0.9375 BatchTime: 82.384297
2017-12-18 12:42:19,431 : Train [5|1920000] lr: 0.010000 Loss: 1.5727 Acc: 0.9102 BatchTime: 85.060018
2017-12-18 12:42:22,020 : Train [5|1996800] lr: 0.010000 Loss: 1.5588 Acc: 0.9297 BatchTime: 87.648463
2017-12-18 12:42:27,351 : AvrEval: 0.569304  SegAvr: 0.615293 ProbAvr: 0.616487 eval_loss: 1.912022 time: 3.452469
2017-12-18 12:42:27,352 : --------------------------------------------------------------------------------------
2017-12-18 12:42:38,769 : Train [6|76800] lr: 0.010000 Loss: 1.5876 Acc: 0.9023 BatchTime: 11.416917
2017-12-18 12:42:42,134 : Train [6|153600] lr: 0.010000 Loss: 1.5645 Acc: 0.9336 BatchTime: 14.782043
2017-12-18 12:42:45,154 : Train [6|230400] lr: 0.010000 Loss: 1.5541 Acc: 0.9375 BatchTime: 17.801681
2017-12-18 12:42:48,142 : Train [6|307200] lr: 0.010000 Loss: 1.5691 Acc: 0.9062 BatchTime: 20.789828
2017-12-18 12:42:50,965 : Train [6|384000] lr: 0.010000 Loss: 1.5770 Acc: 0.9141 BatchTime: 23.612577
2017-12-18 12:42:53,980 : Train [6|460800] lr: 0.010000 Loss: 1.5545 Acc: 0.9336 BatchTime: 26.627680
2017-12-18 12:42:57,054 : Train [6|537600] lr: 0.010000 Loss: 1.5512 Acc: 0.9297 BatchTime: 29.702363
2017-12-18 12:43:00,383 : Train [6|614400] lr: 0.010000 Loss: 1.5784 Acc: 0.9062 BatchTime: 33.031448
2017-12-18 12:43:03,756 : Train [6|691200] lr: 0.010000 Loss: 1.5770 Acc: 0.9062 BatchTime: 36.403894
2017-12-18 12:43:06,412 : Train [6|768000] lr: 0.010000 Loss: 1.5800 Acc: 0.9180 BatchTime: 39.060510
2017-12-18 12:43:09,251 : Train [6|844800] lr: 0.010000 Loss: 1.5676 Acc: 0.9180 BatchTime: 41.898876
2017-12-18 12:43:11,940 : Train [6|921600] lr: 0.010000 Loss: 1.5953 Acc: 0.8906 BatchTime: 44.587849
2017-12-18 12:43:14,896 : Train [6|998400] lr: 0.010000 Loss: 1.5740 Acc: 0.9102 BatchTime: 47.543832
2017-12-18 12:43:17,626 : Train [6|1075200] lr: 0.010000 Loss: 1.5845 Acc: 0.9102 BatchTime: 50.273616
2017-12-18 12:43:20,501 : Train [6|1152000] lr: 0.010000 Loss: 1.5638 Acc: 0.9180 BatchTime: 53.149002
2017-12-18 12:43:24,624 : Train [6|1228800] lr: 0.010000 Loss: 1.5452 Acc: 0.9375 BatchTime: 57.271850
2017-12-18 12:43:27,966 : Train [6|1305600] lr: 0.010000 Loss: 1.5920 Acc: 0.8828 BatchTime: 60.613674
2017-12-18 12:43:30,923 : Train [6|1382400] lr: 0.010000 Loss: 1.5638 Acc: 0.9258 BatchTime: 63.571464
2017-12-18 12:43:33,537 : Train [6|1459200] lr: 0.010000 Loss: 1.5558 Acc: 0.9297 BatchTime: 66.184983
2017-12-18 12:43:36,084 : Train [6|1536000] lr: 0.010000 Loss: 1.5745 Acc: 0.9023 BatchTime: 68.732468
2017-12-18 12:43:38,720 : Train [6|1612800] lr: 0.010000 Loss: 1.5786 Acc: 0.9062 BatchTime: 71.368406
2017-12-18 12:43:41,611 : Train [6|1689600] lr: 0.010000 Loss: 1.5541 Acc: 0.9336 BatchTime: 74.259068
2017-12-18 12:43:44,290 : Train [6|1766400] lr: 0.010000 Loss: 1.5636 Acc: 0.9336 BatchTime: 76.938493
2017-12-18 12:43:47,863 : Train [6|1843200] lr: 0.010000 Loss: 1.5759 Acc: 0.9102 BatchTime: 80.511544
2017-12-18 12:43:50,440 : Train [6|1920000] lr: 0.010000 Loss: 1.5400 Acc: 0.9531 BatchTime: 83.087909
2017-12-18 12:43:53,034 : Train [6|1996800] lr: 0.010000 Loss: 1.5873 Acc: 0.8984 BatchTime: 85.682410
2017-12-18 12:43:58,056 : AvrEval: 0.648891  SegAvr: 0.673835 ProbAvr: 0.676225 eval_loss: 1.831539 time: 3.123815
2017-12-18 12:43:58,057 : --------------------------------------------------------------------------------------
2017-12-18 12:44:10,112 : Train [7|76800] lr: 0.010000 Loss: 1.5817 Acc: 0.9219 BatchTime: 12.054598
2017-12-18 12:44:13,170 : Train [7|153600] lr: 0.010000 Loss: 1.5844 Acc: 0.8984 BatchTime: 15.113054
2017-12-18 12:44:16,287 : Train [7|230400] lr: 0.010000 Loss: 1.5648 Acc: 0.9297 BatchTime: 18.230289
2017-12-18 12:44:19,028 : Train [7|307200] lr: 0.010000 Loss: 1.5919 Acc: 0.8867 BatchTime: 20.971222
2017-12-18 12:44:21,873 : Train [7|384000] lr: 0.010000 Loss: 1.5601 Acc: 0.9219 BatchTime: 23.816501
2017-12-18 12:44:24,380 : Train [7|460800] lr: 0.010000 Loss: 1.5582 Acc: 0.9297 BatchTime: 26.323462
2017-12-18 12:44:26,863 : Train [7|537600] lr: 0.010000 Loss: 1.5703 Acc: 0.9219 BatchTime: 28.806085
2017-12-18 12:44:29,572 : Train [7|614400] lr: 0.010000 Loss: 1.5747 Acc: 0.9023 BatchTime: 31.515230
2017-12-18 12:44:32,769 : Train [7|691200] lr: 0.010000 Loss: 1.5542 Acc: 0.9375 BatchTime: 34.712202
2017-12-18 12:44:35,896 : Train [7|768000] lr: 0.010000 Loss: 1.5727 Acc: 0.9180 BatchTime: 37.839427
2017-12-18 12:44:38,418 : Train [7|844800] lr: 0.010000 Loss: 1.5756 Acc: 0.9062 BatchTime: 40.361493
2017-12-18 12:44:41,115 : Train [7|921600] lr: 0.010000 Loss: 1.5843 Acc: 0.8984 BatchTime: 43.058036
2017-12-18 12:44:43,909 : Train [7|998400] lr: 0.010000 Loss: 1.5821 Acc: 0.8984 BatchTime: 45.852275
2017-12-18 12:44:47,020 : Train [7|1075200] lr: 0.010000 Loss: 1.5443 Acc: 0.9570 BatchTime: 48.963360
2017-12-18 12:44:50,103 : Train [7|1152000] lr: 0.010000 Loss: 1.5702 Acc: 0.9141 BatchTime: 52.045548
2017-12-18 12:44:53,661 : Train [7|1228800] lr: 0.010000 Loss: 1.5582 Acc: 0.9297 BatchTime: 55.603658
2017-12-18 12:44:58,161 : Train [7|1305600] lr: 0.010000 Loss: 1.5885 Acc: 0.8945 BatchTime: 60.103673
2017-12-18 12:45:00,945 : Train [7|1382400] lr: 0.010000 Loss: 1.5616 Acc: 0.9102 BatchTime: 62.887755
2017-12-18 12:45:03,578 : Train [7|1459200] lr: 0.010000 Loss: 1.5554 Acc: 0.9414 BatchTime: 65.521069
2017-12-18 12:45:06,189 : Train [7|1536000] lr: 0.010000 Loss: 1.5721 Acc: 0.9219 BatchTime: 68.132255
2017-12-18 12:45:09,095 : Train [7|1612800] lr: 0.010000 Loss: 1.5643 Acc: 0.9336 BatchTime: 71.038149
2017-12-18 12:45:12,083 : Train [7|1689600] lr: 0.010000 Loss: 1.5580 Acc: 0.9297 BatchTime: 74.025809
2017-12-18 12:45:14,617 : Train [7|1766400] lr: 0.010000 Loss: 1.5608 Acc: 0.9219 BatchTime: 76.560466
2017-12-18 12:45:17,801 : Train [7|1843200] lr: 0.010000 Loss: 1.5949 Acc: 0.8828 BatchTime: 79.744359
2017-12-18 12:45:20,881 : Train [7|1920000] lr: 0.010000 Loss: 1.5523 Acc: 0.9453 BatchTime: 82.823703
2017-12-18 12:45:23,517 : Train [7|1996800] lr: 0.010000 Loss: 1.5528 Acc: 0.9297 BatchTime: 85.460221
2017-12-18 12:45:28,440 : AvrEval: 0.696984  SegAvr: 0.722820 ProbAvr: 0.731183 eval_loss: 1.790327 time: 3.106026
2017-12-18 12:45:28,440 : --------------------------------------------------------------------------------------
2017-12-18 12:45:40,505 : Train [8|76800] lr: 0.010000 Loss: 1.5531 Acc: 0.9297 BatchTime: 12.064227
2017-12-18 12:45:43,580 : Train [8|153600] lr: 0.010000 Loss: 1.5779 Acc: 0.9062 BatchTime: 15.139868
2017-12-18 12:45:46,804 : Train [8|230400] lr: 0.010000 Loss: 1.5755 Acc: 0.9062 BatchTime: 18.363023
2017-12-18 12:45:49,994 : Train [8|307200] lr: 0.010000 Loss: 1.5933 Acc: 0.8906 BatchTime: 21.553068
2017-12-18 12:45:52,987 : Train [8|384000] lr: 0.010000 Loss: 1.5708 Acc: 0.9141 BatchTime: 24.546344
2017-12-18 12:45:55,804 : Train [8|460800] lr: 0.010000 Loss: 1.5627 Acc: 0.9297 BatchTime: 27.363697
2017-12-18 12:45:58,628 : Train [8|537600] lr: 0.010000 Loss: 1.5708 Acc: 0.9219 BatchTime: 30.187350
2017-12-18 12:46:01,298 : Train [8|614400] lr: 0.010000 Loss: 1.5662 Acc: 0.9180 BatchTime: 32.857447
2017-12-18 12:46:04,015 : Train [8|691200] lr: 0.010000 Loss: 1.5752 Acc: 0.9023 BatchTime: 35.574100
2017-12-18 12:46:07,036 : Train [8|768000] lr: 0.010000 Loss: 1.5826 Acc: 0.9062 BatchTime: 38.595193
2017-12-18 12:46:10,230 : Train [8|844800] lr: 0.010000 Loss: 1.5821 Acc: 0.9102 BatchTime: 41.789746
2017-12-18 12:46:13,075 : Train [8|921600] lr: 0.010000 Loss: 1.5601 Acc: 0.9414 BatchTime: 44.634078
2017-12-18 12:46:15,977 : Train [8|998400] lr: 0.010000 Loss: 1.5796 Acc: 0.9062 BatchTime: 47.536608
2017-12-18 12:46:19,103 : Train [8|1075200] lr: 0.010000 Loss: 1.5618 Acc: 0.9258 BatchTime: 50.662514
2017-12-18 12:46:21,904 : Train [8|1152000] lr: 0.010000 Loss: 1.5851 Acc: 0.8867 BatchTime: 53.463682
2017-12-18 12:46:24,526 : Train [8|1228800] lr: 0.010000 Loss: 1.5837 Acc: 0.9102 BatchTime: 56.085615
2017-12-18 12:46:27,213 : Train [8|1305600] lr: 0.010000 Loss: 1.5873 Acc: 0.8867 BatchTime: 58.772756
2017-12-18 12:46:30,290 : Train [8|1382400] lr: 0.010000 Loss: 1.5437 Acc: 0.9453 BatchTime: 61.849506
2017-12-18 12:46:34,325 : Train [8|1459200] lr: 0.010000 Loss: 1.5752 Acc: 0.9062 BatchTime: 65.883916
2017-12-18 12:46:37,526 : Train [8|1536000] lr: 0.010000 Loss: 1.5465 Acc: 0.9453 BatchTime: 69.085004
2017-12-18 12:46:41,014 : Train [8|1612800] lr: 0.010000 Loss: 1.6074 Acc: 0.8750 BatchTime: 72.573573
2017-12-18 12:46:44,302 : Train [8|1689600] lr: 0.010000 Loss: 1.5811 Acc: 0.9023 BatchTime: 75.861109
2017-12-18 12:46:47,411 : Train [8|1766400] lr: 0.010000 Loss: 1.5880 Acc: 0.9062 BatchTime: 78.970814
2017-12-18 12:46:50,540 : Train [8|1843200] lr: 0.010000 Loss: 1.5600 Acc: 0.9219 BatchTime: 82.099481
2017-12-18 12:46:53,820 : Train [8|1920000] lr: 0.010000 Loss: 1.5420 Acc: 0.9414 BatchTime: 85.379808
2017-12-18 12:46:57,182 : Train [8|1996800] lr: 0.010000 Loss: 1.5677 Acc: 0.9180 BatchTime: 88.741330
2017-12-18 12:47:06,780 : AvrEval: 0.656453  SegAvr: 0.694146 ProbAvr: 0.694146 eval_loss: 1.843028 time: 7.233448
2017-12-18 12:47:06,781 : --------------------------------------------------------------------------------------
2017-12-18 12:47:21,818 : Train [9|76800] lr: 0.010000 Loss: 1.5819 Acc: 0.9219 BatchTime: 15.036371
2017-12-18 12:47:24,921 : Train [9|153600] lr: 0.010000 Loss: 1.5784 Acc: 0.9141 BatchTime: 18.139142
2017-12-18 12:47:27,514 : Train [9|230400] lr: 0.010000 Loss: 1.5941 Acc: 0.8984 BatchTime: 20.732861
2017-12-18 12:47:30,500 : Train [9|307200] lr: 0.010000 Loss: 1.5758 Acc: 0.9062 BatchTime: 23.718064
2017-12-18 12:47:33,941 : Train [9|384000] lr: 0.010000 Loss: 1.5648 Acc: 0.9258 BatchTime: 27.159591
2017-12-18 12:47:37,308 : Train [9|460800] lr: 0.010000 Loss: 1.5666 Acc: 0.9297 BatchTime: 30.526867
2017-12-18 12:47:40,709 : Train [9|537600] lr: 0.010000 Loss: 1.5912 Acc: 0.8984 BatchTime: 33.927289
2017-12-18 12:47:43,785 : Train [9|614400] lr: 0.010000 Loss: 1.5826 Acc: 0.9102 BatchTime: 37.003402
2017-12-18 12:47:46,498 : Train [9|691200] lr: 0.010000 Loss: 1.5768 Acc: 0.9023 BatchTime: 39.716263
2017-12-18 12:47:49,150 : Train [9|768000] lr: 0.010000 Loss: 1.5830 Acc: 0.9023 BatchTime: 42.368664
2017-12-18 12:47:51,925 : Train [9|844800] lr: 0.010000 Loss: 1.5680 Acc: 0.9102 BatchTime: 45.143102
2017-12-18 12:47:55,787 : Train [9|921600] lr: 0.010000 Loss: 1.5514 Acc: 0.9336 BatchTime: 49.005410
2017-12-18 12:48:00,637 : Train [9|998400] lr: 0.010000 Loss: 1.5806 Acc: 0.9102 BatchTime: 53.855105
2017-12-18 12:48:05,408 : Train [9|1075200] lr: 0.010000 Loss: 1.5784 Acc: 0.8984 BatchTime: 58.626616
2017-12-18 12:48:09,670 : Train [9|1152000] lr: 0.010000 Loss: 1.5776 Acc: 0.9141 BatchTime: 62.888391
2017-12-18 12:48:14,392 : Train [9|1228800] lr: 0.010000 Loss: 1.5723 Acc: 0.9219 BatchTime: 67.610808
2017-12-18 12:48:18,817 : Train [9|1305600] lr: 0.010000 Loss: 1.5674 Acc: 0.9336 BatchTime: 72.035056
2017-12-18 12:48:24,147 : Train [9|1382400] lr: 0.010000 Loss: 1.5732 Acc: 0.9102 BatchTime: 77.365395
2017-12-18 12:48:28,957 : Train [9|1459200] lr: 0.010000 Loss: 1.5902 Acc: 0.8984 BatchTime: 82.175724
2017-12-18 12:48:32,979 : Train [9|1536000] lr: 0.010000 Loss: 1.5782 Acc: 0.9062 BatchTime: 86.197527
2017-12-18 12:48:37,646 : Train [9|1612800] lr: 0.010000 Loss: 1.5765 Acc: 0.9102 BatchTime: 90.864788
2017-12-18 12:48:41,777 : Train [9|1689600] lr: 0.010000 Loss: 1.6060 Acc: 0.8711 BatchTime: 94.995365
2017-12-18 12:48:45,936 : Train [9|1766400] lr: 0.010000 Loss: 1.5725 Acc: 0.9062 BatchTime: 99.154365
2017-12-18 12:48:50,701 : Train [9|1843200] lr: 0.010000 Loss: 1.5529 Acc: 0.9336 BatchTime: 103.919732
2017-12-18 12:48:56,876 : Train [9|1920000] lr: 0.010000 Loss: 1.5643 Acc: 0.9180 BatchTime: 110.094730
2017-12-18 12:49:01,554 : Train [9|1996800] lr: 0.010000 Loss: 1.6098 Acc: 0.8828 BatchTime: 114.772780
2017-12-18 12:49:10,971 : AvrEval: 0.623570  SegAvr: 0.663082 ProbAvr: 0.672640 eval_loss: 1.864447 time: 6.051654
2017-12-18 12:49:10,972 : --------------------------------------------------------------------------------------
2017-12-18 12:49:33,970 : Train [10|76800] lr: 0.010000 Loss: 1.5719 Acc: 0.8984 BatchTime: 22.998492
2017-12-18 12:49:41,026 : Train [10|153600] lr: 0.010000 Loss: 1.5896 Acc: 0.8906 BatchTime: 30.053884
2017-12-18 12:49:47,480 : Train [10|230400] lr: 0.010000 Loss: 1.5539 Acc: 0.9375 BatchTime: 36.508152
2017-12-18 12:49:52,277 : Train [10|307200] lr: 0.010000 Loss: 1.5583 Acc: 0.9336 BatchTime: 41.304798
2017-12-18 12:49:56,904 : Train [10|384000] lr: 0.010000 Loss: 1.5639 Acc: 0.9336 BatchTime: 45.932254
2017-12-18 12:50:01,375 : Train [10|460800] lr: 0.010000 Loss: 1.6094 Acc: 0.8672 BatchTime: 50.402738
2017-12-18 12:50:06,073 : Train [10|537600] lr: 0.010000 Loss: 1.5614 Acc: 0.9258 BatchTime: 55.101249
2017-12-18 12:50:11,474 : Train [10|614400] lr: 0.010000 Loss: 1.5731 Acc: 0.9180 BatchTime: 60.502588
2017-12-18 12:50:17,013 : Train [10|691200] lr: 0.010000 Loss: 1.5494 Acc: 0.9336 BatchTime: 66.041513
2017-12-18 12:50:24,230 : Train [10|768000] lr: 0.010000 Loss: 1.5727 Acc: 0.9141 BatchTime: 73.258244
2017-12-18 12:50:29,558 : Train [10|844800] lr: 0.010000 Loss: 1.5500 Acc: 0.9336 BatchTime: 78.586206
2017-12-18 12:50:33,717 : Train [10|921600] lr: 0.010000 Loss: 1.5535 Acc: 0.9258 BatchTime: 82.745388
2017-12-18 12:50:38,528 : Train [10|998400] lr: 0.010000 Loss: 1.5696 Acc: 0.9180 BatchTime: 87.556394
2017-12-18 12:50:44,988 : Train [10|1075200] lr: 0.010000 Loss: 1.5829 Acc: 0.8906 BatchTime: 94.016509
2017-12-18 12:50:52,681 : Train [10|1152000] lr: 0.010000 Loss: 1.5791 Acc: 0.9023 BatchTime: 101.709079
2017-12-18 12:50:58,241 : Train [10|1228800] lr: 0.010000 Loss: 1.5681 Acc: 0.9141 BatchTime: 107.269532
2017-12-18 12:51:04,705 : Train [10|1305600] lr: 0.010000 Loss: 1.5659 Acc: 0.9141 BatchTime: 113.733435
2017-12-18 12:51:10,060 : Train [10|1382400] lr: 0.010000 Loss: 1.6068 Acc: 0.8750 BatchTime: 119.088515
2017-12-18 12:51:14,272 : Train [10|1459200] lr: 0.010000 Loss: 1.5852 Acc: 0.9141 BatchTime: 123.299863
2017-12-18 12:51:18,317 : Train [10|1536000] lr: 0.010000 Loss: 1.5818 Acc: 0.8828 BatchTime: 127.345251
2017-12-18 12:51:22,886 : Train [10|1612800] lr: 0.010000 Loss: 1.5908 Acc: 0.9062 BatchTime: 131.913994
2017-12-18 12:51:27,333 : Train [10|1689600] lr: 0.010000 Loss: 1.5652 Acc: 0.9219 BatchTime: 136.360847
2017-12-18 12:51:33,268 : Train [10|1766400] lr: 0.010000 Loss: 1.5626 Acc: 0.9141 BatchTime: 142.295725
2017-12-18 12:51:39,276 : Train [10|1843200] lr: 0.010000 Loss: 1.5622 Acc: 0.9336 BatchTime: 148.304503
2017-12-18 12:51:44,597 : Train [10|1920000] lr: 0.010000 Loss: 1.5590 Acc: 0.9141 BatchTime: 153.625468
2017-12-18 12:51:50,285 : Train [10|1996800] lr: 0.010000 Loss: 1.5871 Acc: 0.8906 BatchTime: 159.313427
2017-12-18 12:52:00,186 : AvrEval: 0.610293  SegAvr: 0.657109 ProbAvr: 0.666667 eval_loss: 1.886468 time: 6.089060
2017-12-18 12:52:00,199 : --------------------------------------------------------------------------------------
2017-12-18 12:52:22,815 : Train [11|76800] lr: 0.010000 Loss: 1.5761 Acc: 0.9062 BatchTime: 22.615498
2017-12-18 12:52:28,412 : Train [11|153600] lr: 0.010000 Loss: 1.5624 Acc: 0.9219 BatchTime: 28.212181
2017-12-18 12:52:34,897 : Train [11|230400] lr: 0.010000 Loss: 1.5464 Acc: 0.9453 BatchTime: 34.697271
2017-12-18 12:52:41,388 : Train [11|307200] lr: 0.010000 Loss: 1.5833 Acc: 0.9062 BatchTime: 41.189025
2017-12-18 12:52:47,303 : Train [11|384000] lr: 0.010000 Loss: 1.5544 Acc: 0.9375 BatchTime: 47.103990
2017-12-18 12:52:53,615 : Train [11|460800] lr: 0.010000 Loss: 1.5584 Acc: 0.9258 BatchTime: 53.415641
2017-12-18 12:52:59,611 : Train [11|537600] lr: 0.010000 Loss: 1.5603 Acc: 0.9336 BatchTime: 59.411508
2017-12-18 12:53:04,778 : Train [11|614400] lr: 0.010000 Loss: 1.5759 Acc: 0.8984 BatchTime: 64.578936
2017-12-18 12:53:12,901 : Train [11|691200] lr: 0.010000 Loss: 1.5992 Acc: 0.8828 BatchTime: 72.702055
2017-12-18 12:53:19,778 : Train [11|768000] lr: 0.010000 Loss: 1.5826 Acc: 0.8906 BatchTime: 79.578606
2017-12-18 12:53:24,142 : Train [11|844800] lr: 0.010000 Loss: 1.5567 Acc: 0.9336 BatchTime: 83.942234
2017-12-18 12:53:28,501 : Train [11|921600] lr: 0.010000 Loss: 1.5898 Acc: 0.8945 BatchTime: 88.302010
2017-12-18 12:53:32,492 : Train [11|998400] lr: 0.010000 Loss: 1.5943 Acc: 0.8828 BatchTime: 92.292532
2017-12-18 12:53:36,349 : Train [11|1075200] lr: 0.010000 Loss: 1.5744 Acc: 0.9102 BatchTime: 96.150119
2017-12-18 12:53:40,109 : Train [11|1152000] lr: 0.010000 Loss: 1.5652 Acc: 0.9102 BatchTime: 99.909610
2017-12-18 12:53:45,029 : Train [11|1228800] lr: 0.010000 Loss: 1.5603 Acc: 0.9297 BatchTime: 104.829865
2017-12-18 12:53:49,344 : Train [11|1305600] lr: 0.010000 Loss: 1.5808 Acc: 0.9102 BatchTime: 109.144760
2017-12-18 12:53:53,700 : Train [11|1382400] lr: 0.010000 Loss: 1.5761 Acc: 0.9102 BatchTime: 113.500922
2017-12-18 12:53:57,399 : Train [11|1459200] lr: 0.010000 Loss: 1.5623 Acc: 0.9258 BatchTime: 117.200004
2017-12-18 12:54:01,484 : Train [11|1536000] lr: 0.010000 Loss: 1.5749 Acc: 0.8984 BatchTime: 121.284646
2017-12-18 12:54:05,473 : Train [11|1612800] lr: 0.010000 Loss: 1.5721 Acc: 0.9141 BatchTime: 125.273611
2017-12-18 12:54:09,512 : Train [11|1689600] lr: 0.010000 Loss: 1.5561 Acc: 0.9219 BatchTime: 129.312627
2017-12-18 12:54:13,408 : Train [11|1766400] lr: 0.010000 Loss: 1.5908 Acc: 0.8867 BatchTime: 133.208448
2017-12-18 12:54:17,418 : Train [11|1843200] lr: 0.010000 Loss: 1.5724 Acc: 0.9180 BatchTime: 137.218818
2017-12-18 12:54:22,042 : Train [11|1920000] lr: 0.010000 Loss: 1.5691 Acc: 0.9141 BatchTime: 141.842108
2017-12-18 12:54:26,401 : Train [11|1996800] lr: 0.010000 Loss: 1.5592 Acc: 0.9258 BatchTime: 146.201415
2017-12-18 12:54:35,078 : AvrEval: 0.634172  SegAvr: 0.675030 ProbAvr: 0.677419 eval_loss: 1.847002 time: 5.297025
2017-12-18 12:54:35,079 : --------------------------------------------------------------------------------------
2017-12-18 12:54:48,605 : Train [12|76800] lr: 0.010000 Loss: 1.5982 Acc: 0.8711 BatchTime: 13.525382
2017-12-18 12:54:51,909 : Train [12|153600] lr: 0.010000 Loss: 1.5959 Acc: 0.8867 BatchTime: 16.829648
2017-12-18 12:54:54,907 : Train [12|230400] lr: 0.010000 Loss: 1.5756 Acc: 0.9102 BatchTime: 19.827180
2017-12-18 12:54:57,972 : Train [12|307200] lr: 0.010000 Loss: 1.5688 Acc: 0.9102 BatchTime: 22.892541
2017-12-18 12:55:00,961 : Train [12|384000] lr: 0.010000 Loss: 1.5858 Acc: 0.9062 BatchTime: 25.881604
2017-12-18 12:55:03,805 : Train [12|460800] lr: 0.010000 Loss: 1.5719 Acc: 0.9102 BatchTime: 28.725354
2017-12-18 12:55:06,356 : Train [12|537600] lr: 0.010000 Loss: 1.5418 Acc: 0.9453 BatchTime: 31.276017
2017-12-18 12:55:09,102 : Train [12|614400] lr: 0.010000 Loss: 1.5994 Acc: 0.8828 BatchTime: 34.022525
2017-12-18 12:55:11,860 : Train [12|691200] lr: 0.010000 Loss: 1.5824 Acc: 0.8906 BatchTime: 36.780222
2017-12-18 12:55:14,952 : Train [12|768000] lr: 0.010000 Loss: 1.5597 Acc: 0.9219 BatchTime: 39.872224
2017-12-18 12:55:18,022 : Train [12|844800] lr: 0.010000 Loss: 1.5875 Acc: 0.8906 BatchTime: 42.942329
2017-12-18 12:55:20,905 : Train [12|921600] lr: 0.010000 Loss: 1.5600 Acc: 0.9219 BatchTime: 45.824788
2017-12-18 12:55:25,013 : Train [12|998400] lr: 0.010000 Loss: 1.5366 Acc: 0.9492 BatchTime: 49.932962
2017-12-18 12:55:28,108 : Train [12|1075200] lr: 0.010000 Loss: 1.5777 Acc: 0.9023 BatchTime: 53.028369
2017-12-18 12:55:30,809 : Train [12|1152000] lr: 0.010000 Loss: 1.5648 Acc: 0.9258 BatchTime: 55.729109
2017-12-18 12:55:34,343 : Train [12|1228800] lr: 0.010000 Loss: 1.5580 Acc: 0.9258 BatchTime: 59.263062
2017-12-18 12:55:38,932 : Train [12|1305600] lr: 0.010000 Loss: 1.5752 Acc: 0.8984 BatchTime: 63.852277
2017-12-18 12:55:43,873 : Train [12|1382400] lr: 0.010000 Loss: 1.5786 Acc: 0.9141 BatchTime: 68.793029
2017-12-18 12:55:48,597 : Train [12|1459200] lr: 0.010000 Loss: 1.5429 Acc: 0.9453 BatchTime: 73.516849
2017-12-18 12:55:51,392 : Train [12|1536000] lr: 0.010000 Loss: 1.5551 Acc: 0.9375 BatchTime: 76.312317
2017-12-18 12:55:53,914 : Train [12|1612800] lr: 0.010000 Loss: 1.5319 Acc: 0.9531 BatchTime: 78.834467
2017-12-18 12:55:56,447 : Train [12|1689600] lr: 0.010000 Loss: 1.5585 Acc: 0.9297 BatchTime: 81.366984
2017-12-18 12:55:59,005 : Train [12|1766400] lr: 0.010000 Loss: 1.5750 Acc: 0.9023 BatchTime: 83.925518
2017-12-18 12:56:01,643 : Train [12|1843200] lr: 0.010000 Loss: 1.5595 Acc: 0.9180 BatchTime: 86.563244
2017-12-18 12:56:04,386 : Train [12|1920000] lr: 0.010000 Loss: 1.5651 Acc: 0.9297 BatchTime: 89.306049
2017-12-18 12:56:06,982 : Train [12|1996800] lr: 0.010000 Loss: 1.5639 Acc: 0.9180 BatchTime: 91.902498
2017-12-18 12:56:12,139 : AvrEval: 0.705151  SegAvr: 0.738351 ProbAvr: 0.740741 eval_loss: 1.795256 time: 3.325781
2017-12-18 12:56:12,140 : --------------------------------------------------------------------------------------
2017-12-18 12:56:23,545 : Train [13|76800] lr: 0.010000 Loss: 1.5477 Acc: 0.9492 BatchTime: 11.404328
2017-12-18 12:56:26,733 : Train [13|153600] lr: 0.010000 Loss: 1.5660 Acc: 0.9219 BatchTime: 14.592480
2017-12-18 12:56:30,249 : Train [13|230400] lr: 0.010000 Loss: 1.5615 Acc: 0.9336 BatchTime: 18.108956
2017-12-18 12:56:34,325 : Train [13|307200] lr: 0.010000 Loss: 1.5404 Acc: 0.9492 BatchTime: 22.184140
2017-12-18 12:56:38,676 : Train [13|384000] lr: 0.010000 Loss: 1.5754 Acc: 0.9180 BatchTime: 26.535789
2017-12-18 12:56:43,566 : Train [13|460800] lr: 0.010000 Loss: 1.5784 Acc: 0.9062 BatchTime: 31.425572
2017-12-18 12:56:47,704 : Train [13|537600] lr: 0.010000 Loss: 1.5652 Acc: 0.9258 BatchTime: 35.564032
2017-12-18 12:56:52,111 : Train [13|614400] lr: 0.010000 Loss: 1.5558 Acc: 0.9297 BatchTime: 39.970403
2017-12-18 12:56:56,374 : Train [13|691200] lr: 0.010000 Loss: 1.5645 Acc: 0.9180 BatchTime: 44.233709
2017-12-18 12:57:00,245 : Train [13|768000] lr: 0.010000 Loss: 1.5556 Acc: 0.9258 BatchTime: 48.104740
2017-12-18 12:57:04,359 : Train [13|844800] lr: 0.010000 Loss: 1.5624 Acc: 0.9102 BatchTime: 52.219023
2017-12-18 12:57:08,587 : Train [13|921600] lr: 0.010000 Loss: 1.5873 Acc: 0.9062 BatchTime: 56.446594
2017-12-18 12:57:12,555 : Train [13|998400] lr: 0.010000 Loss: 1.5850 Acc: 0.9023 BatchTime: 60.414393
2017-12-18 12:57:18,613 : Train [13|1075200] lr: 0.010000 Loss: 1.5705 Acc: 0.9180 BatchTime: 66.472883
2017-12-18 12:57:23,719 : Train [13|1152000] lr: 0.010000 Loss: 1.5566 Acc: 0.9336 BatchTime: 71.578880
2017-12-18 12:57:29,270 : Train [13|1228800] lr: 0.010000 Loss: 1.5695 Acc: 0.9141 BatchTime: 77.129327
2017-12-18 12:57:34,694 : Train [13|1305600] lr: 0.010000 Loss: 1.5713 Acc: 0.9062 BatchTime: 82.553296
2017-12-18 12:57:39,830 : Train [13|1382400] lr: 0.010000 Loss: 1.5585 Acc: 0.9375 BatchTime: 87.689473
2017-12-18 12:57:44,122 : Train [13|1459200] lr: 0.010000 Loss: 1.5673 Acc: 0.9141 BatchTime: 91.981925
2017-12-18 12:57:49,219 : Train [13|1536000] lr: 0.010000 Loss: 1.5611 Acc: 0.9219 BatchTime: 97.078800
2017-12-18 12:57:53,746 : Train [13|1612800] lr: 0.010000 Loss: 1.5726 Acc: 0.9023 BatchTime: 101.606073
2017-12-18 12:57:57,397 : Train [13|1689600] lr: 0.010000 Loss: 1.5910 Acc: 0.9023 BatchTime: 105.256881
2017-12-18 12:58:00,491 : Train [13|1766400] lr: 0.010000 Loss: 1.5977 Acc: 0.8945 BatchTime: 108.351064
2017-12-18 12:58:03,496 : Train [13|1843200] lr: 0.010000 Loss: 1.5278 Acc: 0.9609 BatchTime: 111.355118
2017-12-18 12:58:06,447 : Train [13|1920000] lr: 0.010000 Loss: 1.5792 Acc: 0.9023 BatchTime: 114.306331
2017-12-18 12:58:09,163 : Train [13|1996800] lr: 0.010000 Loss: 1.5757 Acc: 0.9180 BatchTime: 117.022920
2017-12-18 12:58:14,453 : AvrEval: 0.628518  SegAvr: 0.651135 ProbAvr: 0.648746 eval_loss: 1.857846 time: 3.470980
2017-12-18 12:58:14,453 : --------------------------------------------------------------------------------------
2017-12-18 12:58:25,528 : Train [14|76800] lr: 0.007000 Loss: 1.5657 Acc: 0.9219 BatchTime: 11.074511
2017-12-18 12:58:28,532 : Train [14|153600] lr: 0.007000 Loss: 1.5791 Acc: 0.9023 BatchTime: 14.078597
2017-12-18 12:58:31,224 : Train [14|230400] lr: 0.007000 Loss: 1.5355 Acc: 0.9492 BatchTime: 16.770540
2017-12-18 12:58:33,792 : Train [14|307200] lr: 0.007000 Loss: 1.5522 Acc: 0.9414 BatchTime: 19.338747
2017-12-18 12:58:36,627 : Train [14|384000] lr: 0.007000 Loss: 1.5746 Acc: 0.9141 BatchTime: 22.173736
2017-12-18 12:58:39,621 : Train [14|460800] lr: 0.007000 Loss: 1.5504 Acc: 0.9375 BatchTime: 25.167808
2017-12-18 12:58:42,775 : Train [14|537600] lr: 0.007000 Loss: 1.5565 Acc: 0.9297 BatchTime: 28.321280
2017-12-18 12:58:46,386 : Train [14|614400] lr: 0.007000 Loss: 1.5532 Acc: 0.9336 BatchTime: 31.932407
2017-12-18 12:58:49,880 : Train [14|691200] lr: 0.007000 Loss: 1.5995 Acc: 0.8828 BatchTime: 35.425860
2017-12-18 12:58:52,395 : Train [14|768000] lr: 0.007000 Loss: 1.5785 Acc: 0.8984 BatchTime: 37.940879
2017-12-18 12:58:54,996 : Train [14|844800] lr: 0.007000 Loss: 1.5631 Acc: 0.9336 BatchTime: 40.542347
2017-12-18 12:58:57,522 : Train [14|921600] lr: 0.007000 Loss: 1.5641 Acc: 0.9219 BatchTime: 43.068595
2017-12-18 12:59:00,179 : Train [14|998400] lr: 0.007000 Loss: 1.5622 Acc: 0.9102 BatchTime: 45.725305
2017-12-18 12:59:03,047 : Train [14|1075200] lr: 0.007000 Loss: 1.5588 Acc: 0.9336 BatchTime: 48.593624
2017-12-18 12:59:05,857 : Train [14|1152000] lr: 0.007000 Loss: 1.5655 Acc: 0.9219 BatchTime: 51.403033
2017-12-18 12:59:09,619 : Train [14|1228800] lr: 0.007000 Loss: 1.5856 Acc: 0.9023 BatchTime: 55.164944
2017-12-18 12:59:12,538 : Train [14|1305600] lr: 0.007000 Loss: 1.5518 Acc: 0.9375 BatchTime: 58.084785
2017-12-18 12:59:15,838 : Train [14|1382400] lr: 0.007000 Loss: 1.5651 Acc: 0.9258 BatchTime: 61.384743
2017-12-18 12:59:21,156 : Train [14|1459200] lr: 0.007000 Loss: 1.5717 Acc: 0.9141 BatchTime: 66.702107
2017-12-18 12:59:25,886 : Train [14|1536000] lr: 0.007000 Loss: 1.5506 Acc: 0.9414 BatchTime: 71.431791
2017-12-18 12:59:31,187 : Train [14|1612800] lr: 0.007000 Loss: 1.5584 Acc: 0.9141 BatchTime: 76.732883
2017-12-18 12:59:34,472 : Train [14|1689600] lr: 0.007000 Loss: 1.5543 Acc: 0.9375 BatchTime: 80.018219
2017-12-18 12:59:37,204 : Train [14|1766400] lr: 0.007000 Loss: 1.5437 Acc: 0.9336 BatchTime: 82.749948
2017-12-18 12:59:39,739 : Train [14|1843200] lr: 0.007000 Loss: 1.5921 Acc: 0.8906 BatchTime: 85.284880
2017-12-18 12:59:42,529 : Train [14|1920000] lr: 0.007000 Loss: 1.5348 Acc: 0.9531 BatchTime: 88.075689
2017-12-18 12:59:45,318 : Train [14|1996800] lr: 0.007000 Loss: 1.5562 Acc: 0.9297 BatchTime: 90.864243
2017-12-18 12:59:50,723 : AvrEval: 0.661102  SegAvr: 0.696535 ProbAvr: 0.702509 eval_loss: 1.823860 time: 3.371601
2017-12-18 12:59:50,723 : --------------------------------------------------------------------------------------
2017-12-18 13:00:01,949 : Train [15|76800] lr: 0.007000 Loss: 1.5591 Acc: 0.9375 BatchTime: 11.225660
2017-12-18 13:00:04,639 : Train [15|153600] lr: 0.007000 Loss: 1.5735 Acc: 0.9180 BatchTime: 13.915905
2017-12-18 13:00:07,505 : Train [15|230400] lr: 0.007000 Loss: 1.5737 Acc: 0.9180 BatchTime: 16.781515
2017-12-18 13:00:11,420 : Train [15|307200] lr: 0.007000 Loss: 1.5696 Acc: 0.9062 BatchTime: 20.696397
2017-12-18 13:00:15,232 : Train [15|384000] lr: 0.007000 Loss: 1.5627 Acc: 0.9219 BatchTime: 24.508265
2017-12-18 13:00:19,231 : Train [15|460800] lr: 0.007000 Loss: 1.5718 Acc: 0.8984 BatchTime: 28.507290
2017-12-18 13:00:23,637 : Train [15|537600] lr: 0.007000 Loss: 1.5303 Acc: 0.9453 BatchTime: 32.913340
2017-12-18 13:00:31,095 : Train [15|614400] lr: 0.007000 Loss: 1.5955 Acc: 0.8867 BatchTime: 40.371156
2017-12-18 13:00:35,301 : Train [15|691200] lr: 0.007000 Loss: 1.5597 Acc: 0.9141 BatchTime: 44.577194
2017-12-18 13:00:39,375 : Train [15|768000] lr: 0.007000 Loss: 1.5787 Acc: 0.9023 BatchTime: 48.651191
2017-12-18 13:00:43,347 : Train [15|844800] lr: 0.007000 Loss: 1.5829 Acc: 0.9141 BatchTime: 52.623107
2017-12-18 13:00:47,435 : Train [15|921600] lr: 0.007000 Loss: 1.5513 Acc: 0.9414 BatchTime: 56.711686
2017-12-18 13:00:52,238 : Train [15|998400] lr: 0.007000 Loss: 1.5624 Acc: 0.9297 BatchTime: 61.514474
2017-12-18 13:00:58,671 : Train [15|1075200] lr: 0.007000 Loss: 1.5405 Acc: 0.9375 BatchTime: 67.947109
2017-12-18 13:01:03,579 : Train [15|1152000] lr: 0.007000 Loss: 1.5752 Acc: 0.9062 BatchTime: 72.855778
2017-12-18 13:01:07,985 : Train [15|1228800] lr: 0.007000 Loss: 1.5574 Acc: 0.9297 BatchTime: 77.261262
2017-12-18 13:01:12,692 : Train [15|1305600] lr: 0.007000 Loss: 1.5420 Acc: 0.9453 BatchTime: 81.968366
2017-12-18 13:01:17,201 : Train [15|1382400] lr: 0.007000 Loss: 1.5663 Acc: 0.9219 BatchTime: 86.477834
2017-12-18 13:01:21,636 : Train [15|1459200] lr: 0.007000 Loss: 1.5824 Acc: 0.8945 BatchTime: 90.912612
2017-12-18 13:01:26,017 : Train [15|1536000] lr: 0.007000 Loss: 1.5676 Acc: 0.9258 BatchTime: 95.293048
2017-12-18 13:01:33,686 : Train [15|1612800] lr: 0.007000 Loss: 1.5856 Acc: 0.8945 BatchTime: 102.962809
2017-12-18 13:01:39,504 : Train [15|1689600] lr: 0.007000 Loss: 1.5349 Acc: 0.9414 BatchTime: 108.780194
2017-12-18 13:01:46,046 : Train [15|1766400] lr: 0.007000 Loss: 1.5700 Acc: 0.9219 BatchTime: 115.322761
2017-12-18 13:01:50,368 : Train [15|1843200] lr: 0.007000 Loss: 1.5412 Acc: 0.9453 BatchTime: 119.644114
2017-12-18 13:01:54,590 : Train [15|1920000] lr: 0.007000 Loss: 1.5573 Acc: 0.9336 BatchTime: 123.866538
2017-12-18 13:01:58,881 : Train [15|1996800] lr: 0.007000 Loss: 1.5643 Acc: 0.9453 BatchTime: 128.157952
2017-12-18 13:02:09,370 : AvrEval: 0.653030  SegAvr: 0.672640 ProbAvr: 0.677419 eval_loss: 1.837929 time: 5.714220
2017-12-18 13:02:09,371 : --------------------------------------------------------------------------------------
2017-12-18 13:02:31,788 : Train [16|76800] lr: 0.007000 Loss: 1.5610 Acc: 0.9258 BatchTime: 22.416221
2017-12-18 13:02:38,072 : Train [16|153600] lr: 0.007000 Loss: 1.5435 Acc: 0.9414 BatchTime: 28.701239
2017-12-18 13:02:43,647 : Train [16|230400] lr: 0.007000 Loss: 1.5654 Acc: 0.9062 BatchTime: 34.275445
2017-12-18 13:02:48,004 : Train [16|307200] lr: 0.007000 Loss: 1.5790 Acc: 0.9062 BatchTime: 38.632736
2017-12-18 13:02:52,721 : Train [16|384000] lr: 0.007000 Loss: 1.5277 Acc: 0.9570 BatchTime: 43.350098
2017-12-18 13:02:58,770 : Train [16|460800] lr: 0.007000 Loss: 1.5445 Acc: 0.9492 BatchTime: 49.398587
2017-12-18 13:03:04,099 : Train [16|537600] lr: 0.007000 Loss: 1.5307 Acc: 0.9570 BatchTime: 54.728025
2017-12-18 13:03:10,850 : Train [16|614400] lr: 0.007000 Loss: 1.5558 Acc: 0.9258 BatchTime: 61.478838
2017-12-18 13:03:17,098 : Train [16|691200] lr: 0.007000 Loss: 1.5593 Acc: 0.9219 BatchTime: 67.726277
2017-12-18 13:03:25,499 : Train [16|768000] lr: 0.007000 Loss: 1.5504 Acc: 0.9492 BatchTime: 76.127595
2017-12-18 13:03:32,402 : Train [16|844800] lr: 0.007000 Loss: 1.5822 Acc: 0.9023 BatchTime: 83.030285
2017-12-18 13:03:40,287 : Train [16|921600] lr: 0.007000 Loss: 1.5858 Acc: 0.9023 BatchTime: 90.915357
2017-12-18 13:03:46,658 : Train [16|998400] lr: 0.007000 Loss: 1.5370 Acc: 0.9492 BatchTime: 97.286785
2017-12-18 13:03:51,259 : Train [16|1075200] lr: 0.007000 Loss: 1.5421 Acc: 0.9453 BatchTime: 101.887359
2017-12-18 13:03:55,030 : Train [16|1152000] lr: 0.007000 Loss: 1.5505 Acc: 0.9297 BatchTime: 105.658803
2017-12-18 13:03:59,863 : Train [16|1228800] lr: 0.007000 Loss: 1.5559 Acc: 0.9336 BatchTime: 110.491581
2017-12-18 13:04:04,003 : Train [16|1305600] lr: 0.007000 Loss: 1.5675 Acc: 0.9102 BatchTime: 114.632243
2017-12-18 13:04:07,679 : Train [16|1382400] lr: 0.007000 Loss: 1.5436 Acc: 0.9414 BatchTime: 118.307419
2017-12-18 13:04:11,052 : Train [16|1459200] lr: 0.007000 Loss: 1.5340 Acc: 0.9531 BatchTime: 121.680762
2017-12-18 13:04:14,270 : Train [16|1536000] lr: 0.007000 Loss: 1.5485 Acc: 0.9297 BatchTime: 124.899024
2017-12-18 13:04:17,463 : Train [16|1612800] lr: 0.007000 Loss: 1.5903 Acc: 0.8984 BatchTime: 128.091811
2017-12-18 13:04:20,309 : Train [16|1689600] lr: 0.007000 Loss: 1.5744 Acc: 0.9141 BatchTime: 130.937510
2017-12-18 13:04:22,963 : Train [16|1766400] lr: 0.007000 Loss: 1.5410 Acc: 0.9414 BatchTime: 133.592286
2017-12-18 13:04:25,541 : Train [16|1843200] lr: 0.007000 Loss: 1.5528 Acc: 0.9336 BatchTime: 136.169363
2017-12-18 13:04:28,342 : Train [16|1920000] lr: 0.007000 Loss: 1.5435 Acc: 0.9453 BatchTime: 138.970798
2017-12-18 13:04:31,538 : Train [16|1996800] lr: 0.007000 Loss: 1.5594 Acc: 0.9336 BatchTime: 142.166586
2017-12-18 13:04:37,390 : AvrEval: 0.630650  SegAvr: 0.672640 ProbAvr: 0.673835 eval_loss: 1.856615 time: 3.734904
2017-12-18 13:04:37,390 : --------------------------------------------------------------------------------------
2017-12-18 13:04:52,489 : Train [17|76800] lr: 0.007000 Loss: 1.5447 Acc: 0.9375 BatchTime: 15.098713
2017-12-18 13:04:58,359 : Train [17|153600] lr: 0.007000 Loss: 1.5697 Acc: 0.9141 BatchTime: 20.969045
2017-12-18 13:05:01,702 : Train [17|230400] lr: 0.007000 Loss: 1.5604 Acc: 0.9297 BatchTime: 24.311900
2017-12-18 13:05:04,370 : Train [17|307200] lr: 0.007000 Loss: 1.5239 Acc: 0.9570 BatchTime: 26.980193
2017-12-18 13:05:06,958 : Train [17|384000] lr: 0.007000 Loss: 1.5788 Acc: 0.9102 BatchTime: 29.568289
2017-12-18 13:05:09,487 : Train [17|460800] lr: 0.007000 Loss: 1.5483 Acc: 0.9297 BatchTime: 32.096733
2017-12-18 13:05:12,211 : Train [17|537600] lr: 0.007000 Loss: 1.5668 Acc: 0.9180 BatchTime: 34.821206
2017-12-18 13:05:14,852 : Train [17|614400] lr: 0.007000 Loss: 1.5520 Acc: 0.9375 BatchTime: 37.461575
2017-12-18 13:05:17,412 : Train [17|691200] lr: 0.007000 Loss: 1.5621 Acc: 0.9336 BatchTime: 40.021872
2017-12-18 13:05:20,841 : Train [17|768000] lr: 0.007000 Loss: 1.5417 Acc: 0.9492 BatchTime: 43.451372
2017-12-18 13:05:23,501 : Train [17|844800] lr: 0.007000 Loss: 1.5738 Acc: 0.9141 BatchTime: 46.111404
2017-12-18 13:05:26,048 : Train [17|921600] lr: 0.007000 Loss: 1.5735 Acc: 0.9141 BatchTime: 48.657513
2017-12-18 13:05:28,599 : Train [17|998400] lr: 0.007000 Loss: 1.5490 Acc: 0.9258 BatchTime: 51.209338
2017-12-18 13:05:31,262 : Train [17|1075200] lr: 0.007000 Loss: 1.5606 Acc: 0.9180 BatchTime: 53.871612
2017-12-18 13:05:33,864 : Train [17|1152000] lr: 0.007000 Loss: 1.5575 Acc: 0.9180 BatchTime: 56.473976
2017-12-18 13:05:36,459 : Train [17|1228800] lr: 0.007000 Loss: 1.5544 Acc: 0.9219 BatchTime: 59.069349
2017-12-18 13:05:39,848 : Train [17|1305600] lr: 0.007000 Loss: 1.5701 Acc: 0.9141 BatchTime: 62.458107
2017-12-18 13:05:44,524 : Train [17|1382400] lr: 0.007000 Loss: 1.5518 Acc: 0.9414 BatchTime: 67.134175
2017-12-18 13:05:48,543 : Train [17|1459200] lr: 0.007000 Loss: 1.5551 Acc: 0.9336 BatchTime: 71.152980
2017-12-18 13:05:53,273 : Train [17|1536000] lr: 0.007000 Loss: 1.5531 Acc: 0.9297 BatchTime: 75.883133
2017-12-18 13:05:57,873 : Train [17|1612800] lr: 0.007000 Loss: 1.5492 Acc: 0.9414 BatchTime: 80.482607
2017-12-18 13:06:02,077 : Train [17|1689600] lr: 0.007000 Loss: 1.5672 Acc: 0.9258 BatchTime: 84.686553
2017-12-18 13:06:06,112 : Train [17|1766400] lr: 0.007000 Loss: 1.5618 Acc: 0.9180 BatchTime: 88.721519
2017-12-18 13:06:10,216 : Train [17|1843200] lr: 0.007000 Loss: 1.5498 Acc: 0.9414 BatchTime: 92.826101
2017-12-18 13:06:15,094 : Train [17|1920000] lr: 0.007000 Loss: 1.5468 Acc: 0.9375 BatchTime: 97.704099
2017-12-18 13:06:19,636 : Train [17|1996800] lr: 0.007000 Loss: 1.5649 Acc: 0.9219 BatchTime: 102.246296
2017-12-18 13:06:28,078 : AvrEval: 0.560696  SegAvr: 0.581840 ProbAvr: 0.581840 eval_loss: 1.915163 time: 5.521584
2017-12-18 13:06:28,078 : --------------------------------------------------------------------------------------
2017-12-18 13:06:53,003 : Train [18|76800] lr: 0.007000 Loss: 1.5454 Acc: 0.9375 BatchTime: 24.924046
2017-12-18 13:06:57,334 : Train [18|153600] lr: 0.007000 Loss: 1.5569 Acc: 0.9258 BatchTime: 29.255033
2017-12-18 13:07:01,518 : Train [18|230400] lr: 0.007000 Loss: 1.5673 Acc: 0.9141 BatchTime: 33.439703
2017-12-18 13:07:09,742 : Train [18|307200] lr: 0.007000 Loss: 1.5697 Acc: 0.9180 BatchTime: 41.663743
2017-12-18 13:07:16,383 : Train [18|384000] lr: 0.007000 Loss: 1.5559 Acc: 0.9258 BatchTime: 48.304355
2017-12-18 13:07:20,731 : Train [18|460800] lr: 0.007000 Loss: 1.5390 Acc: 0.9414 BatchTime: 52.652466
2017-12-18 13:07:25,591 : Train [18|537600] lr: 0.007000 Loss: 1.5599 Acc: 0.9180 BatchTime: 57.512009
2017-12-18 13:07:31,212 : Train [18|614400] lr: 0.007000 Loss: 1.5358 Acc: 0.9570 BatchTime: 63.133565
2017-12-18 13:07:35,327 : Train [18|691200] lr: 0.007000 Loss: 1.5611 Acc: 0.9219 BatchTime: 67.248819
2017-12-18 13:07:39,819 : Train [18|768000] lr: 0.007000 Loss: 1.5637 Acc: 0.9219 BatchTime: 71.740063
2017-12-18 13:07:46,657 : Train [18|844800] lr: 0.007000 Loss: 1.5647 Acc: 0.9258 BatchTime: 78.578873
2017-12-18 13:07:50,883 : Train [18|921600] lr: 0.007000 Loss: 1.5968 Acc: 0.8750 BatchTime: 82.804109
2017-12-18 13:07:55,364 : Train [18|998400] lr: 0.007000 Loss: 1.5358 Acc: 0.9453 BatchTime: 87.285486
2017-12-18 13:08:00,882 : Train [18|1075200] lr: 0.007000 Loss: 1.5564 Acc: 0.9180 BatchTime: 92.803841
2017-12-18 13:08:05,360 : Train [18|1152000] lr: 0.007000 Loss: 1.5937 Acc: 0.8945 BatchTime: 97.281270
2017-12-18 13:08:12,015 : Train [18|1228800] lr: 0.007000 Loss: 1.5603 Acc: 0.9258 BatchTime: 103.936291
2017-12-18 13:08:18,523 : Train [18|1305600] lr: 0.007000 Loss: 1.5480 Acc: 0.9414 BatchTime: 110.444786
2017-12-18 13:08:25,588 : Train [18|1382400] lr: 0.007000 Loss: 1.5500 Acc: 0.9375 BatchTime: 117.509794
2017-12-18 13:08:31,617 : Train [18|1459200] lr: 0.007000 Loss: 1.5438 Acc: 0.9453 BatchTime: 123.538642
2017-12-18 13:08:37,074 : Train [18|1536000] lr: 0.007000 Loss: 1.5626 Acc: 0.9258 BatchTime: 128.995872
2017-12-18 13:08:43,275 : Train [18|1612800] lr: 0.007000 Loss: 1.5728 Acc: 0.9102 BatchTime: 135.196421
2017-12-18 13:08:50,327 : Train [18|1689600] lr: 0.007000 Loss: 1.5506 Acc: 0.9375 BatchTime: 142.247874
2017-12-18 13:08:57,600 : Train [18|1766400] lr: 0.007000 Loss: 1.5716 Acc: 0.9141 BatchTime: 149.521211
2017-12-18 13:09:05,042 : Train [18|1843200] lr: 0.007000 Loss: 1.5574 Acc: 0.9219 BatchTime: 156.963770
2017-12-18 13:09:13,457 : Train [18|1920000] lr: 0.007000 Loss: 1.5610 Acc: 0.9219 BatchTime: 165.378275
2017-12-18 13:09:21,625 : Train [18|1996800] lr: 0.007000 Loss: 1.5550 Acc: 0.9219 BatchTime: 173.546710
2017-12-18 13:09:33,466 : AvrEval: 0.677926  SegAvr: 0.718041 ProbAvr: 0.724014 eval_loss: 1.819912 time: 7.359418
2017-12-18 13:09:33,480 : --------------------------------------------------------------------------------------
2017-12-18 13:09:57,367 : Train [19|76800] lr: 0.007000 Loss: 1.5469 Acc: 0.9570 BatchTime: 23.882249
2017-12-18 13:10:04,646 : Train [19|153600] lr: 0.007000 Loss: 1.5503 Acc: 0.9375 BatchTime: 31.161599
2017-12-18 13:10:11,987 : Train [19|230400] lr: 0.007000 Loss: 1.5610 Acc: 0.9258 BatchTime: 38.501918
2017-12-18 13:10:17,241 : Train [19|307200] lr: 0.007000 Loss: 1.5663 Acc: 0.9141 BatchTime: 43.756575
2017-12-18 13:10:23,878 : Train [19|384000] lr: 0.007000 Loss: 1.5525 Acc: 0.9375 BatchTime: 50.392966
2017-12-18 13:10:31,056 : Train [19|460800] lr: 0.007000 Loss: 1.5873 Acc: 0.8984 BatchTime: 57.571442
2017-12-18 13:10:38,933 : Train [19|537600] lr: 0.007000 Loss: 1.5743 Acc: 0.9102 BatchTime: 65.448400
2017-12-18 13:10:44,844 : Train [19|614400] lr: 0.007000 Loss: 1.5655 Acc: 0.9336 BatchTime: 71.359587
2017-12-18 13:10:50,263 : Train [19|691200] lr: 0.007000 Loss: 1.5391 Acc: 0.9492 BatchTime: 76.778236
2017-12-18 13:10:56,791 : Train [19|768000] lr: 0.007000 Loss: 1.5684 Acc: 0.9258 BatchTime: 83.306610
2017-12-18 13:11:03,210 : Train [19|844800] lr: 0.007000 Loss: 1.5437 Acc: 0.9414 BatchTime: 89.725587
2017-12-18 13:11:10,100 : Train [19|921600] lr: 0.007000 Loss: 1.5608 Acc: 0.9297 BatchTime: 96.614880
2017-12-18 13:11:16,495 : Train [19|998400] lr: 0.007000 Loss: 1.5744 Acc: 0.9141 BatchTime: 103.010421
2017-12-18 13:11:24,689 : Train [19|1075200] lr: 0.007000 Loss: 1.5758 Acc: 0.9102 BatchTime: 111.203963
2017-12-18 13:11:32,330 : Train [19|1152000] lr: 0.007000 Loss: 1.5487 Acc: 0.9375 BatchTime: 118.845693
2017-12-18 13:11:38,494 : Train [19|1228800] lr: 0.007000 Loss: 1.5914 Acc: 0.8984 BatchTime: 125.009410
2017-12-18 13:11:44,816 : Train [19|1305600] lr: 0.007000 Loss: 1.5701 Acc: 0.9258 BatchTime: 131.331583
2017-12-18 13:11:50,803 : Train [19|1382400] lr: 0.007000 Loss: 1.5544 Acc: 0.9180 BatchTime: 137.318553
2017-12-18 13:11:57,127 : Train [19|1459200] lr: 0.007000 Loss: 1.5542 Acc: 0.9336 BatchTime: 143.642780
2017-12-18 13:12:04,082 : Train [19|1536000] lr: 0.007000 Loss: 1.5646 Acc: 0.9180 BatchTime: 150.597775
2017-12-18 13:12:12,786 : Train [19|1612800] lr: 0.007000 Loss: 1.5717 Acc: 0.9180 BatchTime: 159.301154
2017-12-18 13:12:22,873 : Train [19|1689600] lr: 0.007000 Loss: 1.5617 Acc: 0.9180 BatchTime: 169.388318
2017-12-18 13:12:29,826 : Train [19|1766400] lr: 0.007000 Loss: 1.5720 Acc: 0.9102 BatchTime: 176.341577
2017-12-18 13:12:37,469 : Train [19|1843200] lr: 0.007000 Loss: 1.5677 Acc: 0.9180 BatchTime: 183.984480
2017-12-18 13:12:45,533 : Train [19|1920000] lr: 0.007000 Loss: 1.5792 Acc: 0.9023 BatchTime: 192.047779
2017-12-18 13:12:51,188 : Train [19|1996800] lr: 0.007000 Loss: 1.5644 Acc: 0.9141 BatchTime: 197.703543
2017-12-18 13:12:59,867 : AvrEval: 0.637366  SegAvr: 0.663082 ProbAvr: 0.671446 eval_loss: 1.845660 time: 5.565337
2017-12-18 13:12:59,868 : --------------------------------------------------------------------------------------
2017-12-18 13:13:24,074 : Train [20|76800] lr: 0.004900 Loss: 1.5266 Acc: 0.9570 BatchTime: 24.205838
2017-12-18 13:13:32,249 : Train [20|153600] lr: 0.004900 Loss: 1.5529 Acc: 0.9375 BatchTime: 32.380573
2017-12-18 13:13:37,906 : Train [20|230400] lr: 0.004900 Loss: 1.5581 Acc: 0.9375 BatchTime: 38.038482
2017-12-18 13:13:44,723 : Train [20|307200] lr: 0.004900 Loss: 1.5589 Acc: 0.9258 BatchTime: 44.854537
2017-12-18 13:13:51,027 : Train [20|384000] lr: 0.004900 Loss: 1.5525 Acc: 0.9258 BatchTime: 51.158909
2017-12-18 13:13:57,978 : Train [20|460800] lr: 0.004900 Loss: 1.5388 Acc: 0.9453 BatchTime: 58.110439
2017-12-18 13:14:03,048 : Train [20|537600] lr: 0.004900 Loss: 1.5542 Acc: 0.9297 BatchTime: 63.180317
2017-12-18 13:14:12,672 : Train [20|614400] lr: 0.004900 Loss: 1.5257 Acc: 0.9570 BatchTime: 72.804397
2017-12-18 13:14:18,888 : Train [20|691200] lr: 0.004900 Loss: 1.5554 Acc: 0.9219 BatchTime: 79.019495
2017-12-18 13:14:25,595 : Train [20|768000] lr: 0.004900 Loss: 1.5479 Acc: 0.9336 BatchTime: 85.727048
2017-12-18 13:14:31,831 : Train [20|844800] lr: 0.004900 Loss: 1.5461 Acc: 0.9453 BatchTime: 91.962730
2017-12-18 13:14:38,659 : Train [20|921600] lr: 0.004900 Loss: 1.5595 Acc: 0.9297 BatchTime: 98.791457
2017-12-18 13:14:47,252 : Train [20|998400] lr: 0.004900 Loss: 1.5683 Acc: 0.9297 BatchTime: 107.383596
2017-12-18 13:14:54,620 : Train [20|1075200] lr: 0.004900 Loss: 1.5588 Acc: 0.9219 BatchTime: 114.752455
2017-12-18 13:15:02,104 : Train [20|1152000] lr: 0.004900 Loss: 1.5676 Acc: 0.9141 BatchTime: 122.236460
2017-12-18 13:15:09,340 : Train [20|1228800] lr: 0.004900 Loss: 1.5447 Acc: 0.9375 BatchTime: 129.472283
2017-12-18 13:15:16,265 : Train [20|1305600] lr: 0.004900 Loss: 1.5486 Acc: 0.9219 BatchTime: 136.397393
2017-12-18 13:15:20,680 : Train [20|1382400] lr: 0.004900 Loss: 1.5322 Acc: 0.9531 BatchTime: 140.812438
2017-12-18 13:15:24,656 : Train [20|1459200] lr: 0.004900 Loss: 1.5235 Acc: 0.9688 BatchTime: 144.788500
2017-12-18 13:15:28,648 : Train [20|1536000] lr: 0.004900 Loss: 1.5614 Acc: 0.9258 BatchTime: 148.779525
2017-12-18 13:15:33,923 : Train [20|1612800] lr: 0.004900 Loss: 1.5684 Acc: 0.9102 BatchTime: 154.054781
2017-12-18 13:15:38,805 : Train [20|1689600] lr: 0.004900 Loss: 1.5622 Acc: 0.9336 BatchTime: 158.937033
2017-12-18 13:15:42,708 : Train [20|1766400] lr: 0.004900 Loss: 1.5447 Acc: 0.9414 BatchTime: 162.839786
2017-12-18 13:15:46,359 : Train [20|1843200] lr: 0.004900 Loss: 1.5533 Acc: 0.9258 BatchTime: 166.491145
2017-12-18 13:15:49,879 : Train [20|1920000] lr: 0.004900 Loss: 1.5676 Acc: 0.9219 BatchTime: 170.011240
2017-12-18 13:15:53,512 : Train [20|1996800] lr: 0.004900 Loss: 1.5332 Acc: 0.9531 BatchTime: 173.644300
2017-12-18 13:16:01,190 : AvrEval: 0.692270  SegAvr: 0.738351 ProbAvr: 0.744325 eval_loss: 1.808712 time: 5.099946
2017-12-18 13:16:01,191 : --------------------------------------------------------------------------------------
2017-12-18 13:16:16,587 : Train [21|76800] lr: 0.004900 Loss: 1.5271 Acc: 0.9453 BatchTime: 15.396362
2017-12-18 13:16:20,207 : Train [21|153600] lr: 0.004900 Loss: 1.5134 Acc: 0.9727 BatchTime: 19.015780
2017-12-18 13:16:23,635 : Train [21|230400] lr: 0.004900 Loss: 1.5573 Acc: 0.9297 BatchTime: 22.443820
2017-12-18 13:16:26,890 : Train [21|307200] lr: 0.004900 Loss: 1.5533 Acc: 0.9336 BatchTime: 25.698727
2017-12-18 13:16:30,949 : Train [21|384000] lr: 0.004900 Loss: 1.5497 Acc: 0.9258 BatchTime: 29.757857
2017-12-18 13:16:34,899 : Train [21|460800] lr: 0.004900 Loss: 1.5473 Acc: 0.9492 BatchTime: 33.708367
2017-12-18 13:16:39,775 : Train [21|537600] lr: 0.004900 Loss: 1.5674 Acc: 0.9258 BatchTime: 38.583879
2017-12-18 13:16:43,550 : Train [21|614400] lr: 0.004900 Loss: 1.5588 Acc: 0.9297 BatchTime: 42.359069
2017-12-18 13:16:47,491 : Train [21|691200] lr: 0.004900 Loss: 1.5593 Acc: 0.9141 BatchTime: 46.299575
2017-12-18 13:16:51,079 : Train [21|768000] lr: 0.004900 Loss: 1.5566 Acc: 0.9336 BatchTime: 49.888274
2017-12-18 13:16:55,029 : Train [21|844800] lr: 0.004900 Loss: 1.5602 Acc: 0.9297 BatchTime: 53.838095
2017-12-18 13:16:59,430 : Train [21|921600] lr: 0.004900 Loss: 1.5548 Acc: 0.9414 BatchTime: 58.238894
2017-12-18 13:17:03,336 : Train [21|998400] lr: 0.004900 Loss: 1.5541 Acc: 0.9297 BatchTime: 62.145270
2017-12-18 13:17:07,546 : Train [21|1075200] lr: 0.004900 Loss: 1.5314 Acc: 0.9492 BatchTime: 66.354822
2017-12-18 13:17:11,916 : Train [21|1152000] lr: 0.004900 Loss: 1.5287 Acc: 0.9492 BatchTime: 70.724999
2017-12-18 13:17:15,805 : Train [21|1228800] lr: 0.004900 Loss: 1.5362 Acc: 0.9453 BatchTime: 74.613799
2017-12-18 13:17:18,956 : Train [21|1305600] lr: 0.004900 Loss: 1.5395 Acc: 0.9414 BatchTime: 77.765141
2017-12-18 13:17:21,913 : Train [21|1382400] lr: 0.004900 Loss: 1.5508 Acc: 0.9414 BatchTime: 80.722084
2017-12-18 13:17:25,150 : Train [21|1459200] lr: 0.004900 Loss: 1.5590 Acc: 0.9258 BatchTime: 83.958633
2017-12-18 13:17:28,382 : Train [21|1536000] lr: 0.004900 Loss: 1.5296 Acc: 0.9531 BatchTime: 87.190563
2017-12-18 13:17:31,529 : Train [21|1612800] lr: 0.004900 Loss: 1.5381 Acc: 0.9453 BatchTime: 90.338131
2017-12-18 13:17:35,557 : Train [21|1689600] lr: 0.004900 Loss: 1.5397 Acc: 0.9453 BatchTime: 94.365780
2017-12-18 13:17:38,377 : Train [21|1766400] lr: 0.004900 Loss: 1.5460 Acc: 0.9375 BatchTime: 97.186077
2017-12-18 13:17:40,990 : Train [21|1843200] lr: 0.004900 Loss: 1.5358 Acc: 0.9531 BatchTime: 99.799433
2017-12-18 13:17:43,716 : Train [21|1920000] lr: 0.004900 Loss: 1.5389 Acc: 0.9570 BatchTime: 102.525525
2017-12-18 13:17:46,296 : Train [21|1996800] lr: 0.004900 Loss: 1.5499 Acc: 0.9336 BatchTime: 105.105511
2017-12-18 13:17:52,374 : AvrEval: 0.702103  SegAvr: 0.724014 ProbAvr: 0.727599 eval_loss: 1.793271 time: 4.128546
2017-12-18 13:17:52,374 : --------------------------------------------------------------------------------------
2017-12-18 13:18:06,845 : Train [22|76800] lr: 0.004900 Loss: 1.5290 Acc: 0.9453 BatchTime: 14.470581
2017-12-18 13:18:09,872 : Train [22|153600] lr: 0.004900 Loss: 1.5367 Acc: 0.9492 BatchTime: 17.497256
2017-12-18 13:18:13,258 : Train [22|230400] lr: 0.004900 Loss: 1.5473 Acc: 0.9531 BatchTime: 20.882904
2017-12-18 13:18:16,808 : Train [22|307200] lr: 0.004900 Loss: 1.5366 Acc: 0.9453 BatchTime: 24.433280
2017-12-18 13:18:19,617 : Train [22|384000] lr: 0.004900 Loss: 1.5271 Acc: 0.9648 BatchTime: 27.242257
2017-12-18 13:18:22,397 : Train [22|460800] lr: 0.004900 Loss: 1.5540 Acc: 0.9219 BatchTime: 30.022423
2017-12-18 13:18:25,178 : Train [22|537600] lr: 0.004900 Loss: 1.5455 Acc: 0.9453 BatchTime: 32.803653
2017-12-18 13:18:30,643 : Train [22|614400] lr: 0.004900 Loss: 1.5316 Acc: 0.9570 BatchTime: 38.268319
2017-12-18 13:18:35,632 : Train [22|691200] lr: 0.004900 Loss: 1.5699 Acc: 0.9062 BatchTime: 43.257243
2017-12-18 13:18:40,115 : Train [22|768000] lr: 0.004900 Loss: 1.5304 Acc: 0.9492 BatchTime: 47.739885
2017-12-18 13:18:43,098 : Train [22|844800] lr: 0.004900 Loss: 1.5532 Acc: 0.9297 BatchTime: 50.723099
2017-12-18 13:18:45,622 : Train [22|921600] lr: 0.004900 Loss: 1.5717 Acc: 0.9180 BatchTime: 53.247365
2017-12-18 13:18:48,126 : Train [22|998400] lr: 0.004900 Loss: 1.5457 Acc: 0.9414 BatchTime: 55.751583
2017-12-18 13:18:51,961 : Train [22|1075200] lr: 0.004900 Loss: 1.5476 Acc: 0.9375 BatchTime: 59.585875
2017-12-18 13:18:54,662 : Train [22|1152000] lr: 0.004900 Loss: 1.5579 Acc: 0.9297 BatchTime: 62.287274
2017-12-18 13:18:57,196 : Train [22|1228800] lr: 0.004900 Loss: 1.5506 Acc: 0.9375 BatchTime: 64.821663
2017-12-18 13:18:59,777 : Train [22|1305600] lr: 0.004900 Loss: 1.5577 Acc: 0.9297 BatchTime: 67.402000
2017-12-18 13:19:02,363 : Train [22|1382400] lr: 0.004900 Loss: 1.5424 Acc: 0.9531 BatchTime: 69.988513
2017-12-18 13:19:04,940 : Train [22|1459200] lr: 0.004900 Loss: 1.5788 Acc: 0.9062 BatchTime: 72.565730
2017-12-18 13:19:07,529 : Train [22|1536000] lr: 0.004900 Loss: 1.5255 Acc: 0.9531 BatchTime: 75.154262
2017-12-18 13:19:10,382 : Train [22|1612800] lr: 0.004900 Loss: 1.5268 Acc: 0.9648 BatchTime: 78.007451
2017-12-18 13:19:13,209 : Train [22|1689600] lr: 0.004900 Loss: 1.5506 Acc: 0.9414 BatchTime: 80.833857
2017-12-18 13:19:16,653 : Train [22|1766400] lr: 0.004900 Loss: 1.5817 Acc: 0.8867 BatchTime: 84.278698
2017-12-18 13:19:21,163 : Train [22|1843200] lr: 0.004900 Loss: 1.5368 Acc: 0.9414 BatchTime: 88.788262
2017-12-18 13:19:25,117 : Train [22|1920000] lr: 0.004900 Loss: 1.5520 Acc: 0.9336 BatchTime: 92.741719
2017-12-18 13:19:29,070 : Train [22|1996800] lr: 0.004900 Loss: 1.5465 Acc: 0.9414 BatchTime: 96.695642
2017-12-18 13:19:37,296 : AvrEval: 0.635614  SegAvr: 0.675030 ProbAvr: 0.678614 eval_loss: 1.860175 time: 5.280708
2017-12-18 13:19:37,297 : --------------------------------------------------------------------------------------
2017-12-18 13:19:58,503 : Train [23|76800] lr: 0.004900 Loss: 1.5683 Acc: 0.9180 BatchTime: 21.206156
2017-12-18 13:20:02,877 : Train [23|153600] lr: 0.004900 Loss: 1.5547 Acc: 0.9453 BatchTime: 25.580098
2017-12-18 13:20:06,751 : Train [23|230400] lr: 0.004900 Loss: 1.5510 Acc: 0.9297 BatchTime: 29.453917
2017-12-18 13:20:10,418 : Train [23|307200] lr: 0.004900 Loss: 1.5609 Acc: 0.9336 BatchTime: 33.120989
2017-12-18 13:20:13,938 : Train [23|384000] lr: 0.004900 Loss: 1.5768 Acc: 0.9180 BatchTime: 36.640499
2017-12-18 13:20:19,158 : Train [23|460800] lr: 0.004900 Loss: 1.5569 Acc: 0.9219 BatchTime: 41.860391
2017-12-18 13:20:22,792 : Train [23|537600] lr: 0.004900 Loss: 1.5499 Acc: 0.9336 BatchTime: 45.495050
2017-12-18 13:20:26,257 : Train [23|614400] lr: 0.004900 Loss: 1.5694 Acc: 0.9219 BatchTime: 48.959882
2017-12-18 13:20:30,135 : Train [23|691200] lr: 0.004900 Loss: 1.5577 Acc: 0.9180 BatchTime: 52.838095
2017-12-18 13:20:33,870 : Train [23|768000] lr: 0.004900 Loss: 1.5589 Acc: 0.9336 BatchTime: 56.572471
2017-12-18 13:20:39,991 : Train [23|844800] lr: 0.004900 Loss: 1.5457 Acc: 0.9414 BatchTime: 62.694179
2017-12-18 13:20:48,997 : Train [23|921600] lr: 0.004900 Loss: 1.5479 Acc: 0.9336 BatchTime: 71.699550
2017-12-18 13:20:57,240 : Train [23|998400] lr: 0.004900 Loss: 1.5596 Acc: 0.9258 BatchTime: 79.942948
2017-12-18 13:21:03,262 : Train [23|1075200] lr: 0.004900 Loss: 1.5463 Acc: 0.9336 BatchTime: 85.964911
2017-12-18 13:21:10,310 : Train [23|1152000] lr: 0.004900 Loss: 1.5620 Acc: 0.9258 BatchTime: 93.012523
2017-12-18 13:21:16,397 : Train [23|1228800] lr: 0.004900 Loss: 1.5463 Acc: 0.9336 BatchTime: 99.100202
2017-12-18 13:21:23,351 : Train [23|1305600] lr: 0.004900 Loss: 1.5562 Acc: 0.9258 BatchTime: 106.054104
2017-12-18 13:21:32,040 : Train [23|1382400] lr: 0.004900 Loss: 1.5378 Acc: 0.9531 BatchTime: 114.742943
2017-12-18 13:21:38,834 : Train [23|1459200] lr: 0.004900 Loss: 1.5306 Acc: 0.9609 BatchTime: 121.537310
2017-12-18 13:21:45,733 : Train [23|1536000] lr: 0.004900 Loss: 1.5833 Acc: 0.8984 BatchTime: 128.435446
2017-12-18 13:21:52,333 : Train [23|1612800] lr: 0.004900 Loss: 1.5390 Acc: 0.9414 BatchTime: 135.036253
2017-12-18 13:21:59,736 : Train [23|1689600] lr: 0.004900 Loss: 1.5431 Acc: 0.9375 BatchTime: 142.438808
2017-12-18 13:22:06,834 : Train [23|1766400] lr: 0.004900 Loss: 1.5506 Acc: 0.9180 BatchTime: 149.537243
2017-12-18 13:22:14,620 : Train [23|1843200] lr: 0.004900 Loss: 1.5729 Acc: 0.9062 BatchTime: 157.297151
2017-12-18 13:22:24,681 : Train [23|1920000] lr: 0.004900 Loss: 1.5536 Acc: 0.9336 BatchTime: 167.384034
2017-12-18 13:22:31,950 : Train [23|1996800] lr: 0.004900 Loss: 1.5474 Acc: 0.9453 BatchTime: 174.652985
2017-12-18 13:22:44,935 : AvrEval: 0.631357  SegAvr: 0.673835 ProbAvr: 0.675030 eval_loss: 1.852988 time: 7.737630
2017-12-18 13:22:44,935 : --------------------------------------------------------------------------------------
2017-12-18 13:23:14,350 : Train [24|76800] lr: 0.004900 Loss: 1.5402 Acc: 0.9375 BatchTime: 29.413513
2017-12-18 13:23:24,091 : Train [24|153600] lr: 0.004900 Loss: 1.5375 Acc: 0.9531 BatchTime: 39.154655
2017-12-18 13:23:31,441 : Train [24|230400] lr: 0.004900 Loss: 1.5542 Acc: 0.9492 BatchTime: 46.505149
2017-12-18 13:23:38,965 : Train [24|307200] lr: 0.004900 Loss: 1.5624 Acc: 0.9141 BatchTime: 54.029051
2017-12-18 13:23:45,334 : Train [24|384000] lr: 0.004900 Loss: 1.5284 Acc: 0.9531 BatchTime: 60.398128
2017-12-18 13:23:52,440 : Train [24|460800] lr: 0.004900 Loss: 1.5431 Acc: 0.9375 BatchTime: 67.504020
2017-12-18 13:24:01,954 : Train [24|537600] lr: 0.004900 Loss: 1.5408 Acc: 0.9453 BatchTime: 77.018355
2017-12-18 13:24:08,533 : Train [24|614400] lr: 0.004900 Loss: 1.5399 Acc: 0.9453 BatchTime: 83.597424
2017-12-18 13:24:13,366 : Train [24|691200] lr: 0.004900 Loss: 1.5511 Acc: 0.9414 BatchTime: 88.430138
2017-12-18 13:24:17,487 : Train [24|768000] lr: 0.004900 Loss: 1.5530 Acc: 0.9336 BatchTime: 92.550934
2017-12-18 13:24:22,714 : Train [24|844800] lr: 0.004900 Loss: 1.5554 Acc: 0.9219 BatchTime: 97.777967
2017-12-18 13:24:30,654 : Train [24|921600] lr: 0.004900 Loss: 1.5531 Acc: 0.9336 BatchTime: 105.718473
2017-12-18 13:24:41,220 : Train [24|998400] lr: 0.004900 Loss: 1.5396 Acc: 0.9453 BatchTime: 116.284495
2017-12-18 13:24:48,427 : Train [24|1075200] lr: 0.004900 Loss: 1.5561 Acc: 0.9258 BatchTime: 123.491085
2017-12-18 13:24:55,641 : Train [24|1152000] lr: 0.004900 Loss: 1.5615 Acc: 0.9258 BatchTime: 130.704940
2017-12-18 13:25:03,857 : Train [24|1228800] lr: 0.004900 Loss: 1.5665 Acc: 0.9062 BatchTime: 138.907443
2017-12-18 13:25:11,428 : Train [24|1305600] lr: 0.004900 Loss: 1.5916 Acc: 0.8828 BatchTime: 146.491832
2017-12-18 13:25:18,623 : Train [24|1382400] lr: 0.004900 Loss: 1.5565 Acc: 0.9258 BatchTime: 153.687436
2017-12-18 13:25:27,479 : Train [24|1459200] lr: 0.004900 Loss: 1.5307 Acc: 0.9570 BatchTime: 162.543033
2017-12-18 13:25:34,951 : Train [24|1536000] lr: 0.004900 Loss: 1.5644 Acc: 0.9219 BatchTime: 170.015402
2017-12-18 13:25:41,373 : Train [24|1612800] lr: 0.004900 Loss: 1.5525 Acc: 0.9258 BatchTime: 176.436717
2017-12-18 13:25:48,199 : Train [24|1689600] lr: 0.004900 Loss: 1.5283 Acc: 0.9688 BatchTime: 183.253504
2017-12-18 13:25:54,586 : Train [24|1766400] lr: 0.004900 Loss: 1.5383 Acc: 0.9414 BatchTime: 189.649828
2017-12-18 13:26:01,984 : Train [24|1843200] lr: 0.004900 Loss: 1.5478 Acc: 0.9375 BatchTime: 197.048539
2017-12-18 13:26:06,751 : Train [24|1920000] lr: 0.004900 Loss: 1.5621 Acc: 0.9219 BatchTime: 201.815025
2017-12-18 13:26:14,471 : Train [24|1996800] lr: 0.004900 Loss: 1.5489 Acc: 0.9375 BatchTime: 209.535210
2017-12-18 13:26:28,753 : AvrEval: 0.630985  SegAvr: 0.651135 ProbAvr: 0.652330 eval_loss: 1.857656 time: 6.692554
2017-12-18 13:26:28,754 : --------------------------------------------------------------------------------------
