2017-12-15 20:17:14,037 : -----------------------------------------------------------------
2017-12-15 20:17:14,037 : Namespace(batch_size=512, epochs=20, log_interval=100, lr=0.01, momentum=0.9, num_classes=10, seed=1, weight_decay=0.0005)
2017-12-15 20:17:28,312 : Train [1|51200] lr: 0.010000 Loss: 0.7910 Acc: 0.7031 BatchTime: 3.219503
2017-12-15 20:17:29,393 : AvrEval: 0.701122  SegAvr: 0.650000 ProbAvr: 0.675000 eval_loss: 1.155016 time: 0.310890
2017-12-15 20:17:29,394 : -----------------------------------------------------------------
2017-12-15 20:17:31,558 : Train [2|51200] lr: 0.010000 Loss: 0.5138 Acc: 0.8164 BatchTime: 2.164486
2017-12-15 20:17:32,523 : AvrEval: 0.730341  SegAvr: 0.737500 ProbAvr: 0.750000 eval_loss: 1.091839 time: 0.223890
2017-12-15 20:17:32,524 : -----------------------------------------------------------------
2017-12-15 20:17:34,607 : Train [3|51200] lr: 0.010000 Loss: 0.4145 Acc: 0.8652 BatchTime: 2.082700
2017-12-15 20:17:35,589 : AvrEval: 0.712848  SegAvr: 0.737500 ProbAvr: 0.725000 eval_loss: 1.156158 time: 0.237240
2017-12-15 20:17:35,590 : -----------------------------------------------------------------
2017-12-15 20:17:37,672 : Train [4|51200] lr: 0.010000 Loss: 0.2938 Acc: 0.9141 BatchTime: 2.082318
2017-12-15 20:17:38,626 : AvrEval: 0.737229  SegAvr: 0.725000 ProbAvr: 0.737500 eval_loss: 1.316147 time: 0.227370
2017-12-15 20:17:38,626 : -----------------------------------------------------------------
2017-12-15 20:17:40,652 : Train [5|51200] lr: 0.010000 Loss: 0.2109 Acc: 0.9336 BatchTime: 2.025103
2017-12-15 20:17:41,651 : AvrEval: 0.735604  SegAvr: 0.750000 ProbAvr: 0.775000 eval_loss: 1.131028 time: 0.285602
2017-12-15 20:17:41,651 : -----------------------------------------------------------------
2017-12-15 20:17:43,678 : Train [6|51200] lr: 0.010000 Loss: 0.2110 Acc: 0.9180 BatchTime: 2.026465
2017-12-15 20:17:44,656 : AvrEval: 0.687423  SegAvr: 0.675000 ProbAvr: 0.675000 eval_loss: 1.450168 time: 0.253317
2017-12-15 20:17:44,657 : -----------------------------------------------------------------
2017-12-15 20:17:46,709 : Train [7|51200] lr: 0.010000 Loss: 0.1792 Acc: 0.9395 BatchTime: 2.052486
2017-12-15 20:17:47,685 : AvrEval: 0.684211  SegAvr: 0.687500 ProbAvr: 0.712500 eval_loss: 1.377032 time: 0.254919
2017-12-15 20:17:47,685 : -----------------------------------------------------------------
2017-12-15 20:17:49,854 : Train [8|51200] lr: 0.010000 Loss: 0.1365 Acc: 0.9512 BatchTime: 2.168345
2017-12-15 20:17:50,837 : AvrEval: 0.722252  SegAvr: 0.725000 ProbAvr: 0.712500 eval_loss: 1.392622 time: 0.256461
2017-12-15 20:17:50,837 : -----------------------------------------------------------------
2017-12-15 20:17:52,915 : Train [9|51200] lr: 0.007000 Loss: 0.1281 Acc: 0.9648 BatchTime: 2.077586
2017-12-15 20:17:53,937 : AvrEval: 0.751238  SegAvr: 0.750000 ProbAvr: 0.737500 eval_loss: 1.428663 time: 0.285870
2017-12-15 20:17:53,937 : -----------------------------------------------------------------
2017-12-15 20:17:55,997 : Train [10|51200] lr: 0.007000 Loss: 0.0858 Acc: 0.9727 BatchTime: 2.060074
2017-12-15 20:17:56,988 : AvrEval: 0.739009  SegAvr: 0.725000 ProbAvr: 0.737500 eval_loss: 1.496150 time: 0.248259
2017-12-15 20:17:56,988 : -----------------------------------------------------------------
2017-12-15 20:17:59,010 : Train [11|51200] lr: 0.007000 Loss: 0.1022 Acc: 0.9629 BatchTime: 2.021710
2017-12-15 20:17:59,976 : AvrEval: 0.701200  SegAvr: 0.700000 ProbAvr: 0.675000 eval_loss: 1.727369 time: 0.238766
2017-12-15 20:17:59,976 : -----------------------------------------------------------------
2017-12-15 20:18:02,036 : Train [12|51200] lr: 0.007000 Loss: 0.1335 Acc: 0.9512 BatchTime: 2.059423
2017-12-15 20:18:03,039 : AvrEval: 0.728870  SegAvr: 0.725000 ProbAvr: 0.712500 eval_loss: 1.527650 time: 0.280579
2017-12-15 20:18:03,040 : -----------------------------------------------------------------
2017-12-15 20:18:05,359 : Train [13|51200] lr: 0.007000 Loss: 0.0667 Acc: 0.9805 BatchTime: 2.318773
2017-12-15 20:18:06,443 : AvrEval: 0.689861  SegAvr: 0.662500 ProbAvr: 0.662500 eval_loss: 1.864344 time: 0.353239
2017-12-15 20:18:06,443 : -----------------------------------------------------------------
2017-12-15 20:18:08,732 : Train [14|51200] lr: 0.007000 Loss: 0.0743 Acc: 0.9844 BatchTime: 2.288372
2017-12-15 20:18:09,732 : AvrEval: 0.725774  SegAvr: 0.700000 ProbAvr: 0.725000 eval_loss: 1.607479 time: 0.259184
2017-12-15 20:18:09,734 : -----------------------------------------------------------------
2017-12-15 20:18:11,798 : Train [15|51200] lr: 0.004900 Loss: 0.0664 Acc: 0.9785 BatchTime: 2.063202
2017-12-15 20:18:12,840 : AvrEval: 0.739899  SegAvr: 0.737500 ProbAvr: 0.762500 eval_loss: 1.556572 time: 0.313443
2017-12-15 20:18:12,840 : -----------------------------------------------------------------
2017-12-15 20:18:14,936 : Train [16|51200] lr: 0.004900 Loss: 0.0657 Acc: 0.9785 BatchTime: 2.095516
2017-12-15 20:18:15,937 : AvrEval: 0.715170  SegAvr: 0.712500 ProbAvr: 0.737500 eval_loss: 1.668705 time: 0.246970
2017-12-15 20:18:15,938 : -----------------------------------------------------------------
2017-12-15 20:18:18,034 : Train [17|51200] lr: 0.004900 Loss: 0.0675 Acc: 0.9785 BatchTime: 2.096434
2017-12-15 20:18:19,008 : AvrEval: 0.727167  SegAvr: 0.737500 ProbAvr: 0.750000 eval_loss: 1.718909 time: 0.228965
2017-12-15 20:18:19,008 : -----------------------------------------------------------------
2017-12-15 20:18:21,111 : Train [18|51200] lr: 0.004900 Loss: 0.0705 Acc: 0.9805 BatchTime: 2.102981
2017-12-15 20:18:22,082 : AvrEval: 0.749033  SegAvr: 0.737500 ProbAvr: 0.750000 eval_loss: 1.671397 time: 0.235217
2017-12-15 20:18:22,082 : -----------------------------------------------------------------
2017-12-15 20:18:24,169 : Train [19|51200] lr: 0.004900 Loss: 0.0511 Acc: 0.9824 BatchTime: 2.086968
2017-12-15 20:18:25,125 : AvrEval: 0.729799  SegAvr: 0.725000 ProbAvr: 0.737500 eval_loss: 1.737998 time: 0.219820
2017-12-15 20:18:25,125 : -----------------------------------------------------------------
2017-12-15 20:18:27,219 : Train [20|51200] lr: 0.004900 Loss: 0.0641 Acc: 0.9727 BatchTime: 2.093791
2017-12-15 20:18:28,182 : AvrEval: 0.721943  SegAvr: 0.737500 ProbAvr: 0.725000 eval_loss: 1.854754 time: 0.226333
2017-12-15 20:18:28,182 : -----------------------------------------------------------------
2017-12-15 20:18:28,182 : [Done]
2017-12-15 20:18:28,182 : -----------------------------------------------------------------
